{"C:\\Users\\ASUS\\OneDrive\\Desktop\\Sprint\\connectsphere-frontend\\src\\App.jsx": {"path":"C:\\Users\\ASUS\\OneDrive\\Desktop\\Sprint\\connectsphere-frontend\\src\\App.jsx","statementMap":{"0":{"start":{"line":32,"column":10},"end":{"line":32,"column":39}},"1":{"start":{"line":33,"column":2},"end":{"line":33,"column":null}},"2":{"start":{"line":33,"column":24},"end":{"line":33,"column":null}},"3":{"start":{"line":34,"column":2},"end":{"line":34,"column":null}},"4":{"start":{"line":38,"column":27},"end":{"line":38,"column":48}},"5":{"start":{"line":39,"column":2},"end":{"line":39,"column":null}},"6":{"start":{"line":39,"column":24},"end":{"line":39,"column":null}},"7":{"start":{"line":40,"column":2},"end":{"line":40,"column":null}},"8":{"start":{"line":40,"column":24},"end":{"line":40,"column":null}},"9":{"start":{"line":41,"column":2},"end":{"line":41,"column":null}},"10":{"start":{"line":45,"column":27},"end":{"line":45,"column":48}},"11":{"start":{"line":46,"column":2},"end":{"line":46,"column":null}},"12":{"start":{"line":46,"column":23},"end":{"line":46,"column":null}},"13":{"start":{"line":47,"column":2},"end":{"line":47,"column":null}},"14":{"start":{"line":51,"column":27},"end":{"line":51,"column":48}},"15":{"start":{"line":53,"column":2},"end":{"line":97,"column":null}},"16":{"start":{"line":102,"column":2},"end":{"line":122,"column":null}}},"fnMap":{"0":{"name":"RequireAuth","decl":{"start":{"line":31,"column":9},"end":{"line":31,"column":21}},"loc":{"start":{"line":31,"column":35},"end":{"line":34,"column":null}},"line":31},"1":{"name":"RequireStaff","decl":{"start":{"line":37,"column":9},"end":{"line":37,"column":22}},"loc":{"start":{"line":37,"column":36},"end":{"line":41,"column":null}},"line":37},"2":{"name":"GuestOnly","decl":{"start":{"line":44,"column":9},"end":{"line":44,"column":19}},"loc":{"start":{"line":44,"column":33},"end":{"line":47,"column":null}},"line":44},"3":{"name":"AppRoutes","decl":{"start":{"line":50,"column":9},"end":{"line":50,"column":21}},"loc":{"start":{"line":50,"column":21},"end":{"line":97,"column":null}},"line":50},"4":{"name":"App","decl":{"start":{"line":101,"column":24},"end":{"line":101,"column":30}},"loc":{"start":{"line":101,"column":30},"end":{"line":122,"column":null}},"line":101}},"branchMap":{"0":{"loc":{"start":{"line":33,"column":2},"end":{"line":33,"column":null}},"type":"if","locations":[{"start":{"line":33,"column":2},"end":{"line":33,"column":null}},{"start":{},"end":{}}],"line":33},"1":{"loc":{"start":{"line":39,"column":2},"end":{"line":39,"column":null}},"type":"if","locations":[{"start":{"line":39,"column":2},"end":{"line":39,"column":null}},{"start":{},"end":{}}],"line":39},"2":{"loc":{"start":{"line":40,"column":2},"end":{"line":40,"column":null}},"type":"if","locations":[{"start":{"line":40,"column":2},"end":{"line":40,"column":null}},{"start":{},"end":{}}],"line":40},"3":{"loc":{"start":{"line":46,"column":2},"end":{"line":46,"column":null}},"type":"if","locations":[{"start":{"line":46,"column":2},"end":{"line":46,"column":null}},{"start":{},"end":{}}],"line":46},"4":{"loc":{"start":{"line":46,"column":44},"end":{"line":46,"column":74}},"type":"cond-expr","locations":[{"start":{"line":46,"column":54},"end":{"line":46,"column":65}},{"start":{"line":46,"column":65},"end":{"line":46,"column":74}}],"line":46}},"s":{"0":0,"1":0,"2":0,"3":0,"4":0,"5":0,"6":0,"7":0,"8":0,"9":0,"10":0,"11":0,"12":0,"13":0,"14":1,"15":1,"16":1},"f":{"0":0,"1":0,"2":0,"3":1,"4":1},"b":{"0":[0,0],"1":[0,0],"2":[0,0],"3":[0,0],"4":[0,0]},"meta":{"lastBranch":5,"lastFunction":5,"lastStatement":17,"seen":{"f:31:9:31:21":0,"s:32:10:32:39":0,"b:33:2:33:Infinity:undefined:undefined:undefined:undefined":0,"s:33:2:33:Infinity":1,"s:33:24:33:Infinity":2,"s:34:2:34:Infinity":3,"f:37:9:37:22":1,"s:38:27:38:48":4,"b:39:2:39:Infinity:undefined:undefined:undefined:undefined":1,"s:39:2:39:Infinity":5,"s:39:24:39:Infinity":6,"b:40:2:40:Infinity:undefined:undefined:undefined:undefined":2,"s:40:2:40:Infinity":7,"s:40:24:40:Infinity":8,"s:41:2:41:Infinity":9,"f:44:9:44:19":2,"s:45:27:45:48":10,"b:46:2:46:Infinity:undefined:undefined:undefined:undefined":3,"s:46:2:46:Infinity":11,"s:46:23:46:Infinity":12,"b:46:54:46:65:46:65:46:74":4,"s:47:2:47:Infinity":13,"f:50:9:50:21":3,"s:51:27:51:48":14,"s:53:2:97:Infinity":15,"f:101:24:101:30":4,"s:102:2:122:Infinity":16}}}
,"C:\\Users\\ASUS\\OneDrive\\Desktop\\Sprint\\connectsphere-frontend\\src\\api\\admin.js": {"path":"C:\\Users\\ASUS\\OneDrive\\Desktop\\Sprint\\connectsphere-frontend\\src\\api\\admin.js","statementMap":{"0":{"start":{"line":9,"column":13},"end":{"line":10,"column":30}},"1":{"start":{"line":10,"column":2},"end":{"line":10,"column":30}},"2":{"start":{"line":12,"column":13},"end":{"line":13,"column":43}},"3":{"start":{"line":13,"column":2},"end":{"line":13,"column":43}},"4":{"start":{"line":15,"column":13},"end":{"line":16,"column":51}},"5":{"start":{"line":16,"column":2},"end":{"line":16,"column":51}},"6":{"start":{"line":18,"column":13},"end":{"line":19,"column":51}},"7":{"start":{"line":19,"column":2},"end":{"line":19,"column":51}},"8":{"start":{"line":21,"column":13},"end":{"line":22,"column":43}},"9":{"start":{"line":22,"column":2},"end":{"line":22,"column":43}},"10":{"start":{"line":24,"column":13},"end":{"line":25,"column":73}},"11":{"start":{"line":25,"column":2},"end":{"line":25,"column":73}},"12":{"start":{"line":28,"column":13},"end":{"line":29,"column":32}},"13":{"start":{"line":29,"column":2},"end":{"line":29,"column":32}},"14":{"start":{"line":31,"column":13},"end":{"line":32,"column":38}},"15":{"start":{"line":32,"column":2},"end":{"line":32,"column":38}},"16":{"start":{"line":35,"column":13},"end":{"line":36,"column":39}},"17":{"start":{"line":36,"column":2},"end":{"line":36,"column":39}},"18":{"start":{"line":38,"column":13},"end":{"line":39,"column":46}},"19":{"start":{"line":39,"column":2},"end":{"line":39,"column":46}},"20":{"start":{"line":41,"column":13},"end":{"line":42,"column":31}},"21":{"start":{"line":42,"column":2},"end":{"line":42,"column":31}},"22":{"start":{"line":45,"column":13},"end":{"line":46,"column":54}},"23":{"start":{"line":46,"column":2},"end":{"line":46,"column":54}},"24":{"start":{"line":49,"column":13},"end":{"line":50,"column":30}},"25":{"start":{"line":50,"column":2},"end":{"line":50,"column":30}},"26":{"start":{"line":53,"column":13},"end":{"line":53,"column":57}},"27":{"start":{"line":53,"column":33},"end":{"line":53,"column":57}},"28":{"start":{"line":54,"column":13},"end":{"line":54,"column":64}},"29":{"start":{"line":54,"column":35},"end":{"line":54,"column":64}},"30":{"start":{"line":55,"column":26},"end":{"line":55,"column":null}},"31":{"start":{"line":56,"column":13},"end":{"line":56,"column":63}},"32":{"start":{"line":56,"column":36},"end":{"line":56,"column":63}},"33":{"start":{"line":57,"column":29},"end":{"line":57,"column":null}},"34":{"start":{"line":58,"column":27},"end":{"line":58,"column":null}},"35":{"start":{"line":59,"column":13},"end":{"line":59,"column":55}},"36":{"start":{"line":59,"column":32},"end":{"line":59,"column":55}},"37":{"start":{"line":60,"column":13},"end":{"line":60,"column":108}},"38":{"start":{"line":60,"column":45},"end":{"line":60,"column":108}},"39":{"start":{"line":61,"column":13},"end":{"line":61,"column":61}},"40":{"start":{"line":61,"column":36},"end":{"line":61,"column":61}},"41":{"start":{"line":62,"column":13},"end":{"line":62,"column":64}},"42":{"start":{"line":62,"column":38},"end":{"line":62,"column":64}},"43":{"start":{"line":63,"column":13},"end":{"line":64,"column":90}},"44":{"start":{"line":64,"column":2},"end":{"line":64,"column":90}}},"fnMap":{"0":{"name":"(anonymous_0)","decl":{"start":{"line":9,"column":13},"end":{"line":9,"column":null}},"loc":{"start":{"line":10,"column":2},"end":{"line":10,"column":30}},"line":10},"1":{"name":"(anonymous_1)","decl":{"start":{"line":12,"column":13},"end":{"line":12,"column":31}},"loc":{"start":{"line":13,"column":2},"end":{"line":13,"column":43}},"line":13},"2":{"name":"(anonymous_2)","decl":{"start":{"line":15,"column":13},"end":{"line":15,"column":31}},"loc":{"start":{"line":16,"column":2},"end":{"line":16,"column":51}},"line":16},"3":{"name":"(anonymous_3)","decl":{"start":{"line":18,"column":13},"end":{"line":18,"column":31}},"loc":{"start":{"line":19,"column":2},"end":{"line":19,"column":51}},"line":19},"4":{"name":"(anonymous_4)","decl":{"start":{"line":21,"column":13},"end":{"line":21,"column":27}},"loc":{"start":{"line":22,"column":2},"end":{"line":22,"column":43}},"line":22},"5":{"name":"(anonymous_5)","decl":{"start":{"line":24,"column":13},"end":{"line":24,"column":31}},"loc":{"start":{"line":25,"column":2},"end":{"line":25,"column":73}},"line":25},"6":{"name":"(anonymous_6)","decl":{"start":{"line":28,"column":13},"end":{"line":28,"column":30}},"loc":{"start":{"line":29,"column":2},"end":{"line":29,"column":32}},"line":29},"7":{"name":"(anonymous_7)","decl":{"start":{"line":31,"column":13},"end":{"line":31,"column":33}},"loc":{"start":{"line":32,"column":2},"end":{"line":32,"column":38}},"line":32},"8":{"name":"(anonymous_8)","decl":{"start":{"line":35,"column":13},"end":{"line":35,"column":38}},"loc":{"start":{"line":36,"column":2},"end":{"line":36,"column":39}},"line":36},"9":{"name":"(anonymous_9)","decl":{"start":{"line":38,"column":13},"end":{"line":38,"column":32}},"loc":{"start":{"line":39,"column":2},"end":{"line":39,"column":46}},"line":39},"10":{"name":"(anonymous_10)","decl":{"start":{"line":41,"column":13},"end":{"line":41,"column":null}},"loc":{"start":{"line":42,"column":2},"end":{"line":42,"column":31}},"line":42},"11":{"name":"(anonymous_11)","decl":{"start":{"line":45,"column":13},"end":{"line":45,"column":36}},"loc":{"start":{"line":46,"column":2},"end":{"line":46,"column":54}},"line":46},"12":{"name":"(anonymous_12)","decl":{"start":{"line":49,"column":13},"end":{"line":49,"column":null}},"loc":{"start":{"line":50,"column":2},"end":{"line":50,"column":30}},"line":50},"13":{"name":"(anonymous_13)","decl":{"start":{"line":53,"column":13},"end":{"line":53,"column":33}},"loc":{"start":{"line":53,"column":33},"end":{"line":53,"column":57}},"line":53},"14":{"name":"(anonymous_14)","decl":{"start":{"line":54,"column":13},"end":{"line":54,"column":35}},"loc":{"start":{"line":54,"column":35},"end":{"line":54,"column":64}},"line":54},"15":{"name":"(anonymous_15)","decl":{"start":{"line":56,"column":13},"end":{"line":56,"column":36}},"loc":{"start":{"line":56,"column":36},"end":{"line":56,"column":63}},"line":56},"16":{"name":"(anonymous_16)","decl":{"start":{"line":59,"column":13},"end":{"line":59,"column":32}},"loc":{"start":{"line":59,"column":32},"end":{"line":59,"column":55}},"line":59},"17":{"name":"(anonymous_17)","decl":{"start":{"line":60,"column":13},"end":{"line":60,"column":30}},"loc":{"start":{"line":60,"column":45},"end":{"line":60,"column":108}},"line":60},"18":{"name":"(anonymous_18)","decl":{"start":{"line":61,"column":13},"end":{"line":61,"column":36}},"loc":{"start":{"line":61,"column":36},"end":{"line":61,"column":61}},"line":61},"19":{"name":"(anonymous_19)","decl":{"start":{"line":62,"column":13},"end":{"line":62,"column":38}},"loc":{"start":{"line":62,"column":38},"end":{"line":62,"column":64}},"line":62},"20":{"name":"(anonymous_20)","decl":{"start":{"line":63,"column":13},"end":{"line":63,"column":41}},"loc":{"start":{"line":64,"column":2},"end":{"line":64,"column":90}},"line":64}},"branchMap":{"0":{"loc":{"start":{"line":45,"column":36},"end":{"line":45,"column":null}},"type":"default-arg","locations":[{"start":{"line":45,"column":44},"end":{"line":45,"column":null}}],"line":45}},"s":{"0":1,"1":0,"2":1,"3":0,"4":1,"5":0,"6":1,"7":0,"8":1,"9":0,"10":1,"11":0,"12":1,"13":0,"14":1,"15":0,"16":1,"17":0,"18":1,"19":0,"20":1,"21":0,"22":1,"23":0,"24":1,"25":0,"26":1,"27":0,"28":1,"29":0,"30":1,"31":1,"32":0,"33":1,"34":1,"35":1,"36":0,"37":1,"38":0,"39":1,"40":0,"41":1,"42":0,"43":1,"44":0},"f":{"0":0,"1":0,"2":0,"3":0,"4":0,"5":0,"6":0,"7":0,"8":0,"9":0,"10":0,"11":0,"12":0,"13":0,"14":0,"15":0,"16":0,"17":0,"18":0,"19":0,"20":0},"b":{"0":[0]},"meta":{"lastBranch":1,"lastFunction":21,"lastStatement":45,"seen":{"s:9:13:10:30":0,"f:9:13:9:Infinity":0,"s:10:2:10:30":1,"s:12:13:13:43":2,"f:12:13:12:31":1,"s:13:2:13:43":3,"s:15:13:16:51":4,"f:15:13:15:31":2,"s:16:2:16:51":5,"s:18:13:19:51":6,"f:18:13:18:31":3,"s:19:2:19:51":7,"s:21:13:22:43":8,"f:21:13:21:27":4,"s:22:2:22:43":9,"s:24:13:25:73":10,"f:24:13:24:31":5,"s:25:2:25:73":11,"s:28:13:29:32":12,"f:28:13:28:30":6,"s:29:2:29:32":13,"s:31:13:32:38":14,"f:31:13:31:33":7,"s:32:2:32:38":15,"s:35:13:36:39":16,"f:35:13:35:38":8,"s:36:2:36:39":17,"s:38:13:39:46":18,"f:38:13:38:32":9,"s:39:2:39:46":19,"s:41:13:42:31":20,"f:41:13:41:Infinity":10,"s:42:2:42:31":21,"s:45:13:46:54":22,"f:45:13:45:36":11,"s:46:2:46:54":23,"b:45:44:45:Infinity":0,"s:49:13:50:30":24,"f:49:13:49:Infinity":12,"s:50:2:50:30":25,"s:53:13:53:57":26,"f:53:13:53:33":13,"s:53:33:53:57":27,"s:54:13:54:64":28,"f:54:13:54:35":14,"s:54:35:54:64":29,"s:55:26:55:Infinity":30,"s:56:13:56:63":31,"f:56:13:56:36":15,"s:56:36:56:63":32,"s:57:29:57:Infinity":33,"s:58:27:58:Infinity":34,"s:59:13:59:55":35,"f:59:13:59:32":16,"s:59:32:59:55":36,"s:60:13:60:108":37,"f:60:13:60:30":17,"s:60:45:60:108":38,"s:61:13:61:61":39,"f:61:13:61:36":18,"s:61:36:61:61":40,"s:62:13:62:64":41,"f:62:13:62:38":19,"s:62:38:62:64":42,"s:63:13:64:90":43,"f:63:13:63:41":20,"s:64:2:64:90":44}}}
,"C:\\Users\\ASUS\\OneDrive\\Desktop\\Sprint\\connectsphere-frontend\\src\\api\\auth.js": {"path":"C:\\Users\\ASUS\\OneDrive\\Desktop\\Sprint\\connectsphere-frontend\\src\\api\\auth.js","statementMap":{"0":{"start":{"line":10,"column":13},"end":{"line":11,"column":34}},"1":{"start":{"line":11,"column":2},"end":{"line":11,"column":34}},"2":{"start":{"line":13,"column":13},"end":{"line":14,"column":46}},"3":{"start":{"line":14,"column":2},"end":{"line":14,"column":46}},"4":{"start":{"line":16,"column":13},"end":{"line":17,"column":59}},"5":{"start":{"line":17,"column":2},"end":{"line":17,"column":59}},"6":{"start":{"line":19,"column":13},"end":{"line":20,"column":68}},"7":{"start":{"line":20,"column":2},"end":{"line":20,"column":68}},"8":{"start":{"line":22,"column":13},"end":{"line":23,"column":46}},"9":{"start":{"line":23,"column":2},"end":{"line":23,"column":46}},"10":{"start":{"line":25,"column":13},"end":{"line":26,"column":58}},"11":{"start":{"line":26,"column":2},"end":{"line":26,"column":58}},"12":{"start":{"line":28,"column":13},"end":{"line":29,"column":48}},"13":{"start":{"line":29,"column":2},"end":{"line":29,"column":48}},"14":{"start":{"line":31,"column":13},"end":{"line":32,"column":34}},"15":{"start":{"line":32,"column":2},"end":{"line":32,"column":34}},"16":{"start":{"line":36,"column":13},"end":{"line":37,"column":26}},"17":{"start":{"line":37,"column":2},"end":{"line":37,"column":26}},"18":{"start":{"line":39,"column":13},"end":{"line":40,"column":26}},"19":{"start":{"line":40,"column":2},"end":{"line":40,"column":26}},"20":{"start":{"line":42,"column":13},"end":{"line":43,"column":32}},"21":{"start":{"line":43,"column":2},"end":{"line":43,"column":32}},"22":{"start":{"line":45,"column":13},"end":{"line":46,"column":33}},"23":{"start":{"line":46,"column":2},"end":{"line":46,"column":33}},"24":{"start":{"line":48,"column":13},"end":{"line":49,"column":38}},"25":{"start":{"line":49,"column":2},"end":{"line":49,"column":38}},"26":{"start":{"line":51,"column":13},"end":{"line":52,"column":45}},"27":{"start":{"line":52,"column":2},"end":{"line":52,"column":45}},"28":{"start":{"line":56,"column":13},"end":{"line":57,"column":null}},"29":{"start":{"line":57,"column":2},"end":{"line":57,"column":null}},"30":{"start":{"line":59,"column":13},"end":{"line":60,"column":null}},"31":{"start":{"line":60,"column":2},"end":{"line":60,"column":null}},"32":{"start":{"line":64,"column":13},"end":{"line":65,"column":30}},"33":{"start":{"line":65,"column":2},"end":{"line":65,"column":30}},"34":{"start":{"line":67,"column":13},"end":{"line":68,"column":43}},"35":{"start":{"line":68,"column":2},"end":{"line":68,"column":43}},"36":{"start":{"line":70,"column":13},"end":{"line":71,"column":51}},"37":{"start":{"line":71,"column":2},"end":{"line":71,"column":51}},"38":{"start":{"line":73,"column":13},"end":{"line":74,"column":51}},"39":{"start":{"line":74,"column":2},"end":{"line":74,"column":51}},"40":{"start":{"line":76,"column":13},"end":{"line":77,"column":43}},"41":{"start":{"line":77,"column":2},"end":{"line":77,"column":43}},"42":{"start":{"line":79,"column":13},"end":{"line":80,"column":73}},"43":{"start":{"line":80,"column":2},"end":{"line":80,"column":73}},"44":{"start":{"line":83,"column":26},"end":{"line":83,"column":null}},"45":{"start":{"line":84,"column":13},"end":{"line":84,"column":69}},"46":{"start":{"line":84,"column":47},"end":{"line":84,"column":69}},"47":{"start":{"line":85,"column":13},"end":{"line":85,"column":71}},"48":{"start":{"line":85,"column":48},"end":{"line":85,"column":71}},"49":{"start":{"line":86,"column":13},"end":{"line":87,"column":40}},"50":{"start":{"line":87,"column":2},"end":{"line":87,"column":40}}},"fnMap":{"0":{"name":"(anonymous_0)","decl":{"start":{"line":10,"column":13},"end":{"line":10,"column":25}},"loc":{"start":{"line":11,"column":2},"end":{"line":11,"column":34}},"line":11},"1":{"name":"(anonymous_1)","decl":{"start":{"line":13,"column":13},"end":{"line":13,"column":22}},"loc":{"start":{"line":14,"column":2},"end":{"line":14,"column":46}},"line":14},"2":{"name":"(anonymous_2)","decl":{"start":{"line":16,"column":13},"end":{"line":16,"column":26}},"loc":{"start":{"line":17,"column":2},"end":{"line":17,"column":59}},"line":17},"3":{"name":"(anonymous_3)","decl":{"start":{"line":19,"column":13},"end":{"line":19,"column":26}},"loc":{"start":{"line":20,"column":2},"end":{"line":20,"column":68}},"line":20},"4":{"name":"(anonymous_4)","decl":{"start":{"line":22,"column":13},"end":{"line":22,"column":31}},"loc":{"start":{"line":23,"column":2},"end":{"line":23,"column":46}},"line":23},"5":{"name":"(anonymous_5)","decl":{"start":{"line":25,"column":13},"end":{"line":25,"column":30}},"loc":{"start":{"line":26,"column":2},"end":{"line":26,"column":58}},"line":26},"6":{"name":"(anonymous_6)","decl":{"start":{"line":28,"column":13},"end":{"line":28,"column":28}},"loc":{"start":{"line":29,"column":2},"end":{"line":29,"column":48}},"line":29},"7":{"name":"(anonymous_7)","decl":{"start":{"line":31,"column":13},"end":{"line":31,"column":28}},"loc":{"start":{"line":32,"column":2},"end":{"line":32,"column":34}},"line":32},"8":{"name":"(anonymous_8)","decl":{"start":{"line":36,"column":13},"end":{"line":36,"column":null}},"loc":{"start":{"line":37,"column":2},"end":{"line":37,"column":26}},"line":37},"9":{"name":"(anonymous_9)","decl":{"start":{"line":39,"column":13},"end":{"line":39,"column":null}},"loc":{"start":{"line":40,"column":2},"end":{"line":40,"column":26}},"line":40},"10":{"name":"(anonymous_10)","decl":{"start":{"line":42,"column":13},"end":{"line":42,"column":33}},"loc":{"start":{"line":43,"column":2},"end":{"line":43,"column":32}},"line":43},"11":{"name":"(anonymous_11)","decl":{"start":{"line":45,"column":13},"end":{"line":45,"column":34}},"loc":{"start":{"line":46,"column":2},"end":{"line":46,"column":33}},"line":46},"12":{"name":"(anonymous_12)","decl":{"start":{"line":48,"column":13},"end":{"line":48,"column":35}},"loc":{"start":{"line":49,"column":2},"end":{"line":49,"column":38}},"line":49},"13":{"name":"(anonymous_13)","decl":{"start":{"line":51,"column":13},"end":{"line":51,"column":29}},"loc":{"start":{"line":52,"column":2},"end":{"line":52,"column":45}},"line":52},"14":{"name":"(anonymous_14)","decl":{"start":{"line":56,"column":13},"end":{"line":56,"column":null}},"loc":{"start":{"line":57,"column":2},"end":{"line":57,"column":null}},"line":57},"15":{"name":"(anonymous_15)","decl":{"start":{"line":59,"column":13},"end":{"line":59,"column":null}},"loc":{"start":{"line":60,"column":2},"end":{"line":60,"column":null}},"line":60},"16":{"name":"(anonymous_16)","decl":{"start":{"line":64,"column":13},"end":{"line":64,"column":null}},"loc":{"start":{"line":65,"column":2},"end":{"line":65,"column":30}},"line":65},"17":{"name":"(anonymous_17)","decl":{"start":{"line":67,"column":13},"end":{"line":67,"column":36}},"loc":{"start":{"line":68,"column":2},"end":{"line":68,"column":43}},"line":68},"18":{"name":"(anonymous_18)","decl":{"start":{"line":70,"column":13},"end":{"line":70,"column":36}},"loc":{"start":{"line":71,"column":2},"end":{"line":71,"column":51}},"line":71},"19":{"name":"(anonymous_19)","decl":{"start":{"line":73,"column":13},"end":{"line":73,"column":36}},"loc":{"start":{"line":74,"column":2},"end":{"line":74,"column":51}},"line":74},"20":{"name":"(anonymous_20)","decl":{"start":{"line":76,"column":13},"end":{"line":76,"column":32}},"loc":{"start":{"line":77,"column":2},"end":{"line":77,"column":43}},"line":77},"21":{"name":"(anonymous_21)","decl":{"start":{"line":79,"column":13},"end":{"line":79,"column":36}},"loc":{"start":{"line":80,"column":2},"end":{"line":80,"column":73}},"line":80},"22":{"name":"(anonymous_22)","decl":{"start":{"line":84,"column":13},"end":{"line":84,"column":30}},"loc":{"start":{"line":84,"column":47},"end":{"line":84,"column":69}},"line":84},"23":{"name":"(anonymous_23)","decl":{"start":{"line":85,"column":13},"end":{"line":85,"column":31}},"loc":{"start":{"line":85,"column":48},"end":{"line":85,"column":71}},"line":85},"24":{"name":"(anonymous_24)","decl":{"start":{"line":86,"column":13},"end":{"line":86,"column":34}},"loc":{"start":{"line":87,"column":2},"end":{"line":87,"column":40}},"line":87}},"branchMap":{"0":{"loc":{"start":{"line":16,"column":42},"end":{"line":16,"column":null}},"type":"default-arg","locations":[{"start":{"line":16,"column":52},"end":{"line":16,"column":null}}],"line":16},"1":{"loc":{"start":{"line":19,"column":33},"end":{"line":19,"column":null}},"type":"default-arg","locations":[{"start":{"line":19,"column":43},"end":{"line":19,"column":null}}],"line":19},"2":{"loc":{"start":{"line":57,"column":5},"end":{"line":57,"column":61}},"type":"binary-expr","locations":[{"start":{"line":57,"column":5},"end":{"line":57,"column":37}},{"start":{"line":57,"column":37},"end":{"line":57,"column":61}}],"line":57},"3":{"loc":{"start":{"line":60,"column":5},"end":{"line":60,"column":61}},"type":"binary-expr","locations":[{"start":{"line":60,"column":5},"end":{"line":60,"column":37}},{"start":{"line":60,"column":37},"end":{"line":60,"column":61}}],"line":60}},"s":{"0":1,"1":0,"2":1,"3":0,"4":1,"5":0,"6":1,"7":0,"8":1,"9":0,"10":1,"11":0,"12":1,"13":0,"14":1,"15":0,"16":1,"17":0,"18":1,"19":0,"20":1,"21":0,"22":1,"23":0,"24":1,"25":0,"26":1,"27":0,"28":1,"29":0,"30":1,"31":0,"32":1,"33":0,"34":1,"35":0,"36":1,"37":0,"38":1,"39":0,"40":1,"41":0,"42":1,"43":0,"44":1,"45":1,"46":0,"47":1,"48":0,"49":1,"50":0},"f":{"0":0,"1":0,"2":0,"3":0,"4":0,"5":0,"6":0,"7":0,"8":0,"9":0,"10":0,"11":0,"12":0,"13":0,"14":0,"15":0,"16":0,"17":0,"18":0,"19":0,"20":0,"21":0,"22":0,"23":0,"24":0},"b":{"0":[0],"1":[0],"2":[0,0],"3":[0,0]},"meta":{"lastBranch":4,"lastFunction":25,"lastStatement":51,"seen":{"s:10:13:11:34":0,"f:10:13:10:25":0,"s:11:2:11:34":1,"s:13:13:14:46":2,"f:13:13:13:22":1,"s:14:2:14:46":3,"s:16:13:17:59":4,"f:16:13:16:26":2,"s:17:2:17:59":5,"b:16:52:16:Infinity":0,"s:19:13:20:68":6,"f:19:13:19:26":3,"s:20:2:20:68":7,"b:19:43:19:Infinity":1,"s:22:13:23:46":8,"f:22:13:22:31":4,"s:23:2:23:46":9,"s:25:13:26:58":10,"f:25:13:25:30":5,"s:26:2:26:58":11,"s:28:13:29:48":12,"f:28:13:28:28":6,"s:29:2:29:48":13,"s:31:13:32:34":14,"f:31:13:31:28":7,"s:32:2:32:34":15,"s:36:13:37:26":16,"f:36:13:36:Infinity":8,"s:37:2:37:26":17,"s:39:13:40:26":18,"f:39:13:39:Infinity":9,"s:40:2:40:26":19,"s:42:13:43:32":20,"f:42:13:42:33":10,"s:43:2:43:32":21,"s:45:13:46:33":22,"f:45:13:45:34":11,"s:46:2:46:33":23,"s:48:13:49:38":24,"f:48:13:48:35":12,"s:49:2:49:38":25,"s:51:13:52:45":26,"f:51:13:51:29":13,"s:52:2:52:45":27,"s:56:13:57:Infinity":28,"f:56:13:56:Infinity":14,"s:57:2:57:Infinity":29,"b:57:5:57:37:57:37:57:61":2,"s:59:13:60:Infinity":30,"f:59:13:59:Infinity":15,"s:60:2:60:Infinity":31,"b:60:5:60:37:60:37:60:61":3,"s:64:13:65:30":32,"f:64:13:64:Infinity":16,"s:65:2:65:30":33,"s:67:13:68:43":34,"f:67:13:67:36":17,"s:68:2:68:43":35,"s:70:13:71:51":36,"f:70:13:70:36":18,"s:71:2:71:51":37,"s:73:13:74:51":38,"f:73:13:73:36":19,"s:74:2:74:51":39,"s:76:13:77:43":40,"f:76:13:76:32":20,"s:77:2:77:43":41,"s:79:13:80:73":42,"f:79:13:79:36":21,"s:80:2:80:73":43,"s:83:26:83:Infinity":44,"s:84:13:84:69":45,"f:84:13:84:30":22,"s:84:47:84:69":46,"s:85:13:85:71":47,"f:85:13:85:31":23,"s:85:48:85:71":48,"s:86:13:87:40":49,"f:86:13:86:34":24,"s:87:2:87:40":50}}}
,"C:\\Users\\ASUS\\OneDrive\\Desktop\\Sprint\\connectsphere-frontend\\src\\api\\client.js": {"path":"C:\\Users\\ASUS\\OneDrive\\Desktop\\Sprint\\connectsphere-frontend\\src\\api\\client.js","statementMap":{"0":{"start":{"line":4,"column":17},"end":{"line":4,"column":null}},"1":{"start":{"line":6,"column":12},"end":{"line":9,"column":2}},"2":{"start":{"line":12,"column":0},"end":{"line":16,"column":null}},"3":{"start":{"line":13,"column":16},"end":{"line":13,"column":45}},"4":{"start":{"line":14,"column":2},"end":{"line":14,"column":null}},"5":{"start":{"line":14,"column":13},"end":{"line":14,"column":null}},"6":{"start":{"line":15,"column":2},"end":{"line":15,"column":null}},"7":{"start":{"line":19,"column":0},"end":{"line":32,"column":null}},"8":{"start":{"line":20,"column":11},"end":{"line":20,"column":null}},"9":{"start":{"line":22,"column":27},"end":{"line":22,"column":67}},"10":{"start":{"line":23,"column":24},"end":{"line":23,"column":null}},"11":{"start":{"line":25,"column":4},"end":{"line":28,"column":null}},"12":{"start":{"line":26,"column":6},"end":{"line":26,"column":null}},"13":{"start":{"line":27,"column":6},"end":{"line":27,"column":null}},"14":{"start":{"line":28,"column":6},"end":{"line":28,"column":null}},"15":{"start":{"line":30,"column":4},"end":{"line":30,"column":null}}},"fnMap":{"0":{"name":"(anonymous_0)","decl":{"start":{"line":12,"column":25},"end":{"line":12,"column":30}},"loc":{"start":{"line":12,"column":41},"end":{"line":16,"column":null}},"line":12},"1":{"name":"(anonymous_1)","decl":{"start":{"line":19,"column":26},"end":{"line":19,"column":null}},"loc":{"start":{"line":20,"column":11},"end":{"line":20,"column":null}},"line":20},"2":{"name":"(anonymous_2)","decl":{"start":{"line":20,"column":11},"end":{"line":20,"column":null}},"loc":{"start":{"line":21,"column":11},"end":{"line":32,"column":null}},"line":21}},"branchMap":{"0":{"loc":{"start":{"line":4,"column":17},"end":{"line":4,"column":null}},"type":"binary-expr","locations":[{"start":{"line":4,"column":17},"end":{"line":4,"column":49}},{"start":{"line":4,"column":49},"end":{"line":4,"column":null}}],"line":4},"1":{"loc":{"start":{"line":14,"column":2},"end":{"line":14,"column":null}},"type":"if","locations":[{"start":{"line":14,"column":2},"end":{"line":14,"column":null}},{"start":{},"end":{}}],"line":14},"2":{"loc":{"start":{"line":25,"column":4},"end":{"line":28,"column":null}},"type":"if","locations":[{"start":{"line":25,"column":4},"end":{"line":28,"column":null}},{"start":{},"end":{}}],"line":25},"3":{"loc":{"start":{"line":25,"column":8},"end":{"line":25,"column":73}},"type":"binary-expr","locations":[{"start":{"line":25,"column":8},"end":{"line":25,"column":40}},{"start":{"line":25,"column":40},"end":{"line":25,"column":59}},{"start":{"line":25,"column":59},"end":{"line":25,"column":73}}],"line":25}},"s":{"0":1,"1":1,"2":1,"3":0,"4":0,"5":0,"6":0,"7":1,"8":0,"9":0,"10":0,"11":0,"12":0,"13":0,"14":0,"15":0},"f":{"0":0,"1":0,"2":0},"b":{"0":[1,0],"1":[0,0],"2":[0,0],"3":[0,0,0]},"meta":{"lastBranch":4,"lastFunction":3,"lastStatement":16,"seen":{"s:4:17:4:Infinity":0,"b:4:17:4:49:4:49:4:Infinity":0,"s:6:12:9:2":1,"s:12:0:16:Infinity":2,"f:12:25:12:30":0,"s:13:16:13:45":3,"b:14:2:14:Infinity:undefined:undefined:undefined:undefined":1,"s:14:2:14:Infinity":4,"s:14:13:14:Infinity":5,"s:15:2:15:Infinity":6,"s:19:0:32:Infinity":7,"f:19:26:19:Infinity":1,"s:20:11:20:Infinity":8,"f:20:11:20:Infinity":2,"s:22:27:22:67":9,"s:23:24:23:Infinity":10,"b:25:4:28:Infinity:undefined:undefined:undefined:undefined":2,"s:25:4:28:Infinity":11,"b:25:8:25:40:25:40:25:59:25:59:25:73":3,"s:26:6:26:Infinity":12,"s:27:6:27:Infinity":13,"s:28:6:28:Infinity":14,"s:30:4:30:Infinity":15}}}
,"C:\\Users\\ASUS\\OneDrive\\Desktop\\Sprint\\connectsphere-frontend\\src\\api\\comments.js": {"path":"C:\\Users\\ASUS\\OneDrive\\Desktop\\Sprint\\connectsphere-frontend\\src\\api\\comments.js","statementMap":{"0":{"start":{"line":10,"column":13},"end":{"line":11,"column":37}},"1":{"start":{"line":11,"column":2},"end":{"line":11,"column":37}},"2":{"start":{"line":13,"column":13},"end":{"line":14,"column":47}},"3":{"start":{"line":14,"column":2},"end":{"line":14,"column":47}},"4":{"start":{"line":16,"column":13},"end":{"line":17,"column":35}},"5":{"start":{"line":17,"column":2},"end":{"line":17,"column":35}},"6":{"start":{"line":19,"column":13},"end":{"line":20,"column":43}},"7":{"start":{"line":20,"column":2},"end":{"line":20,"column":43}},"8":{"start":{"line":22,"column":13},"end":{"line":23,"column":38}},"9":{"start":{"line":23,"column":2},"end":{"line":23,"column":38}},"10":{"start":{"line":27,"column":13},"end":{"line":28,"column":29}},"11":{"start":{"line":28,"column":2},"end":{"line":28,"column":29}},"12":{"start":{"line":30,"column":13},"end":{"line":31,"column":41}},"13":{"start":{"line":31,"column":2},"end":{"line":31,"column":41}},"14":{"start":{"line":33,"column":13},"end":{"line":34,"column":38}},"15":{"start":{"line":34,"column":2},"end":{"line":34,"column":38}},"16":{"start":{"line":36,"column":13},"end":{"line":37,"column":41}},"17":{"start":{"line":37,"column":2},"end":{"line":37,"column":41}},"18":{"start":{"line":39,"column":13},"end":{"line":40,"column":43}},"19":{"start":{"line":40,"column":2},"end":{"line":40,"column":43}},"20":{"start":{"line":42,"column":13},"end":{"line":43,"column":39}},"21":{"start":{"line":43,"column":2},"end":{"line":43,"column":39}}},"fnMap":{"0":{"name":"(anonymous_0)","decl":{"start":{"line":10,"column":13},"end":{"line":10,"column":34}},"loc":{"start":{"line":11,"column":2},"end":{"line":11,"column":37}},"line":11},"1":{"name":"(anonymous_1)","decl":{"start":{"line":13,"column":13},"end":{"line":13,"column":36}},"loc":{"start":{"line":14,"column":2},"end":{"line":14,"column":47}},"line":14},"2":{"name":"(anonymous_2)","decl":{"start":{"line":16,"column":13},"end":{"line":16,"column":31}},"loc":{"start":{"line":17,"column":2},"end":{"line":17,"column":35}},"line":17},"3":{"name":"(anonymous_3)","decl":{"start":{"line":19,"column":13},"end":{"line":19,"column":27}},"loc":{"start":{"line":20,"column":2},"end":{"line":20,"column":43}},"line":20},"4":{"name":"(anonymous_4)","decl":{"start":{"line":22,"column":13},"end":{"line":22,"column":32}},"loc":{"start":{"line":23,"column":2},"end":{"line":23,"column":38}},"line":23},"5":{"name":"(anonymous_5)","decl":{"start":{"line":27,"column":13},"end":{"line":27,"column":27}},"loc":{"start":{"line":28,"column":2},"end":{"line":28,"column":29}},"line":28},"6":{"name":"(anonymous_6)","decl":{"start":{"line":30,"column":13},"end":{"line":30,"column":30}},"loc":{"start":{"line":31,"column":2},"end":{"line":31,"column":41}},"line":31},"7":{"name":"(anonymous_7)","decl":{"start":{"line":33,"column":13},"end":{"line":33,"column":30}},"loc":{"start":{"line":34,"column":2},"end":{"line":34,"column":38}},"line":34},"8":{"name":"(anonymous_8)","decl":{"start":{"line":36,"column":13},"end":{"line":36,"column":28}},"loc":{"start":{"line":37,"column":2},"end":{"line":37,"column":41}},"line":37},"9":{"name":"(anonymous_9)","decl":{"start":{"line":39,"column":13},"end":{"line":39,"column":30}},"loc":{"start":{"line":40,"column":2},"end":{"line":40,"column":43}},"line":40},"10":{"name":"(anonymous_10)","decl":{"start":{"line":42,"column":13},"end":{"line":42,"column":34}},"loc":{"start":{"line":43,"column":2},"end":{"line":43,"column":39}},"line":43}},"branchMap":{},"s":{"0":1,"1":0,"2":1,"3":0,"4":1,"5":0,"6":1,"7":0,"8":1,"9":0,"10":1,"11":0,"12":1,"13":0,"14":1,"15":0,"16":1,"17":0,"18":1,"19":0,"20":1,"21":0},"f":{"0":0,"1":0,"2":0,"3":0,"4":0,"5":0,"6":0,"7":0,"8":0,"9":0,"10":0},"b":{},"meta":{"lastBranch":0,"lastFunction":11,"lastStatement":22,"seen":{"s:10:13:11:37":0,"f:10:13:10:34":0,"s:11:2:11:37":1,"s:13:13:14:47":2,"f:13:13:13:36":1,"s:14:2:14:47":3,"s:16:13:17:35":4,"f:16:13:16:31":2,"s:17:2:17:35":5,"s:19:13:20:43":6,"f:19:13:19:27":3,"s:20:2:20:43":7,"s:22:13:23:38":8,"f:22:13:22:32":4,"s:23:2:23:38":9,"s:27:13:28:29":10,"f:27:13:27:27":5,"s:28:2:28:29":11,"s:30:13:31:41":12,"f:30:13:30:30":6,"s:31:2:31:41":13,"s:33:13:34:38":14,"f:33:13:33:30":7,"s:34:2:34:38":15,"s:36:13:37:41":16,"f:36:13:36:28":8,"s:37:2:37:41":17,"s:39:13:40:43":18,"f:39:13:39:30":9,"s:40:2:40:43":19,"s:42:13:43:39":20,"f:42:13:42:34":10,"s:43:2:43:39":21}}}
,"C:\\Users\\ASUS\\OneDrive\\Desktop\\Sprint\\connectsphere-frontend\\src\\api\\likes.js": {"path":"C:\\Users\\ASUS\\OneDrive\\Desktop\\Sprint\\connectsphere-frontend\\src\\api\\likes.js","statementMap":{"0":{"start":{"line":8,"column":13},"end":{"line":9,"column":26}},"1":{"start":{"line":9,"column":2},"end":{"line":9,"column":26}},"2":{"start":{"line":11,"column":13},"end":{"line":12,"column":60}},"3":{"start":{"line":12,"column":2},"end":{"line":12,"column":60}},"4":{"start":{"line":14,"column":13},"end":{"line":15,"column":32}},"5":{"start":{"line":15,"column":2},"end":{"line":15,"column":32}},"6":{"start":{"line":17,"column":13},"end":{"line":18,"column":61}},"7":{"start":{"line":18,"column":2},"end":{"line":18,"column":61}},"8":{"start":{"line":20,"column":13},"end":{"line":21,"column":60}},"9":{"start":{"line":21,"column":2},"end":{"line":21,"column":60}},"10":{"start":{"line":23,"column":13},"end":{"line":24,"column":64}},"11":{"start":{"line":24,"column":2},"end":{"line":24,"column":64}},"12":{"start":{"line":26,"column":13},"end":{"line":27,"column":34}},"13":{"start":{"line":27,"column":2},"end":{"line":27,"column":34}},"14":{"start":{"line":29,"column":13},"end":{"line":30,"column":63}},"15":{"start":{"line":30,"column":2},"end":{"line":30,"column":63}},"16":{"start":{"line":32,"column":13},"end":{"line":33,"column":82}},"17":{"start":{"line":33,"column":2},"end":{"line":33,"column":82}},"18":{"start":{"line":35,"column":13},"end":{"line":36,"column":65}},"19":{"start":{"line":36,"column":2},"end":{"line":36,"column":65}},"20":{"start":{"line":39,"column":26},"end":{"line":39,"column":null}},"21":{"start":{"line":40,"column":28},"end":{"line":40,"column":null}}},"fnMap":{"0":{"name":"(anonymous_0)","decl":{"start":{"line":8,"column":13},"end":{"line":8,"column":30}},"loc":{"start":{"line":9,"column":2},"end":{"line":9,"column":26}},"line":9},"1":{"name":"(anonymous_1)","decl":{"start":{"line":11,"column":13},"end":{"line":11,"column":31}},"loc":{"start":{"line":12,"column":2},"end":{"line":12,"column":60}},"line":12},"2":{"name":"(anonymous_2)","decl":{"start":{"line":14,"column":13},"end":{"line":14,"column":31}},"loc":{"start":{"line":15,"column":2},"end":{"line":15,"column":32}},"line":15},"3":{"name":"(anonymous_3)","decl":{"start":{"line":17,"column":13},"end":{"line":17,"column":32}},"loc":{"start":{"line":18,"column":2},"end":{"line":18,"column":61}},"line":18},"4":{"name":"(anonymous_4)","decl":{"start":{"line":20,"column":13},"end":{"line":20,"column":32}},"loc":{"start":{"line":21,"column":2},"end":{"line":21,"column":60}},"line":21},"5":{"name":"(anonymous_5)","decl":{"start":{"line":23,"column":13},"end":{"line":23,"column":37}},"loc":{"start":{"line":24,"column":2},"end":{"line":24,"column":64}},"line":24},"6":{"name":"(anonymous_6)","decl":{"start":{"line":26,"column":13},"end":{"line":26,"column":35}},"loc":{"start":{"line":27,"column":2},"end":{"line":27,"column":34}},"line":27},"7":{"name":"(anonymous_7)","decl":{"start":{"line":29,"column":13},"end":{"line":29,"column":33}},"loc":{"start":{"line":30,"column":2},"end":{"line":30,"column":63}},"line":30},"8":{"name":"(anonymous_8)","decl":{"start":{"line":32,"column":13},"end":{"line":32,"column":39}},"loc":{"start":{"line":33,"column":2},"end":{"line":33,"column":82}},"line":33},"9":{"name":"(anonymous_9)","decl":{"start":{"line":35,"column":13},"end":{"line":35,"column":35}},"loc":{"start":{"line":36,"column":2},"end":{"line":36,"column":65}},"line":36}},"branchMap":{},"s":{"0":1,"1":0,"2":1,"3":0,"4":1,"5":0,"6":1,"7":0,"8":1,"9":0,"10":1,"11":0,"12":1,"13":0,"14":1,"15":0,"16":1,"17":0,"18":1,"19":0,"20":1,"21":1},"f":{"0":0,"1":0,"2":0,"3":0,"4":0,"5":0,"6":0,"7":0,"8":0,"9":0},"b":{},"meta":{"lastBranch":0,"lastFunction":10,"lastStatement":22,"seen":{"s:8:13:9:26":0,"f:8:13:8:30":0,"s:9:2:9:26":1,"s:11:13:12:60":2,"f:11:13:11:31":1,"s:12:2:12:60":3,"s:14:13:15:32":4,"f:14:13:14:31":2,"s:15:2:15:32":5,"s:17:13:18:61":6,"f:17:13:17:32":3,"s:18:2:18:61":7,"s:20:13:21:60":8,"f:20:13:20:32":4,"s:21:2:21:60":9,"s:23:13:24:64":10,"f:23:13:23:37":5,"s:24:2:24:64":11,"s:26:13:27:34":12,"f:26:13:26:35":6,"s:27:2:27:34":13,"s:29:13:30:63":14,"f:29:13:29:33":7,"s:30:2:30:63":15,"s:32:13:33:82":16,"f:32:13:32:39":8,"s:33:2:33:82":17,"s:35:13:36:65":18,"f:35:13:35:35":9,"s:36:2:36:65":19,"s:39:26:39:Infinity":20,"s:40:28:40:Infinity":21}}}
,"C:\\Users\\ASUS\\OneDrive\\Desktop\\Sprint\\connectsphere-frontend\\src\\api\\notifications.js": {"path":"C:\\Users\\ASUS\\OneDrive\\Desktop\\Sprint\\connectsphere-frontend\\src\\api\\notifications.js","statementMap":{"0":{"start":{"line":10,"column":13},"end":{"line":12,"column":null}},"1":{"start":{"line":11,"column":17},"end":{"line":11,"column":50}},"2":{"start":{"line":12,"column":2},"end":{"line":12,"column":null}},"3":{"start":{"line":15,"column":13},"end":{"line":16,"column":65}},"4":{"start":{"line":16,"column":2},"end":{"line":16,"column":65}},"5":{"start":{"line":18,"column":13},"end":{"line":19,"column":51}},"6":{"start":{"line":19,"column":2},"end":{"line":19,"column":51}},"7":{"start":{"line":21,"column":13},"end":{"line":22,"column":62}},"8":{"start":{"line":22,"column":2},"end":{"line":22,"column":62}},"9":{"start":{"line":24,"column":13},"end":{"line":25,"column":48}},"10":{"start":{"line":25,"column":2},"end":{"line":25,"column":48}},"11":{"start":{"line":29,"column":13},"end":{"line":30,"column":39}},"12":{"start":{"line":30,"column":2},"end":{"line":30,"column":39}},"13":{"start":{"line":32,"column":13},"end":{"line":33,"column":46}},"14":{"start":{"line":33,"column":2},"end":{"line":33,"column":46}},"15":{"start":{"line":35,"column":13},"end":{"line":36,"column":31}},"16":{"start":{"line":36,"column":2},"end":{"line":36,"column":31}},"17":{"start":{"line":38,"column":13},"end":{"line":39,"column":40}},"18":{"start":{"line":39,"column":2},"end":{"line":39,"column":40}}},"fnMap":{"0":{"name":"(anonymous_0)","decl":{"start":{"line":10,"column":13},"end":{"line":10,"column":33}},"loc":{"start":{"line":10,"column":64},"end":{"line":12,"column":null}},"line":10},"1":{"name":"(anonymous_1)","decl":{"start":{"line":15,"column":13},"end":{"line":15,"column":43}},"loc":{"start":{"line":16,"column":2},"end":{"line":16,"column":65}},"line":16},"2":{"name":"(anonymous_2)","decl":{"start":{"line":18,"column":13},"end":{"line":18,"column":39}},"loc":{"start":{"line":19,"column":2},"end":{"line":19,"column":51}},"line":19},"3":{"name":"(anonymous_3)","decl":{"start":{"line":21,"column":13},"end":{"line":21,"column":43}},"loc":{"start":{"line":22,"column":2},"end":{"line":22,"column":62}},"line":22},"4":{"name":"(anonymous_4)","decl":{"start":{"line":24,"column":13},"end":{"line":24,"column":35}},"loc":{"start":{"line":25,"column":2},"end":{"line":25,"column":48}},"line":25},"5":{"name":"(anonymous_5)","decl":{"start":{"line":29,"column":13},"end":{"line":29,"column":38}},"loc":{"start":{"line":30,"column":2},"end":{"line":30,"column":39}},"line":30},"6":{"name":"(anonymous_6)","decl":{"start":{"line":32,"column":13},"end":{"line":32,"column":31}},"loc":{"start":{"line":33,"column":2},"end":{"line":33,"column":46}},"line":33},"7":{"name":"(anonymous_7)","decl":{"start":{"line":35,"column":13},"end":{"line":35,"column":null}},"loc":{"start":{"line":36,"column":2},"end":{"line":36,"column":31}},"line":36},"8":{"name":"(anonymous_8)","decl":{"start":{"line":38,"column":13},"end":{"line":38,"column":39}},"loc":{"start":{"line":39,"column":2},"end":{"line":39,"column":40}},"line":39}},"branchMap":{"0":{"loc":{"start":{"line":10,"column":46},"end":{"line":10,"column":64}},"type":"default-arg","locations":[{"start":{"line":10,"column":55},"end":{"line":10,"column":64}}],"line":10},"1":{"loc":{"start":{"line":11,"column":17},"end":{"line":11,"column":50}},"type":"cond-expr","locations":[{"start":{"line":11,"column":35},"end":{"line":11,"column":45}},{"start":{"line":11,"column":48},"end":{"line":11,"column":50}}],"line":11}},"s":{"0":1,"1":0,"2":0,"3":1,"4":0,"5":1,"6":0,"7":1,"8":0,"9":1,"10":0,"11":1,"12":0,"13":1,"14":0,"15":1,"16":0,"17":1,"18":0},"f":{"0":0,"1":0,"2":0,"3":0,"4":0,"5":0,"6":0,"7":0,"8":0},"b":{"0":[0],"1":[0,0]},"meta":{"lastBranch":2,"lastFunction":9,"lastStatement":19,"seen":{"s:10:13:12:Infinity":0,"f:10:13:10:33":0,"b:10:55:10:64":0,"s:11:17:11:50":1,"b:11:35:11:45:11:48:11:50":1,"s:12:2:12:Infinity":2,"s:15:13:16:65":3,"f:15:13:15:43":1,"s:16:2:16:65":4,"s:18:13:19:51":5,"f:18:13:18:39":2,"s:19:2:19:51":6,"s:21:13:22:62":7,"f:21:13:21:43":3,"s:22:2:22:62":8,"s:24:13:25:48":9,"f:24:13:24:35":4,"s:25:2:25:48":10,"s:29:13:30:39":11,"f:29:13:29:38":5,"s:30:2:30:39":12,"s:32:13:33:46":13,"f:32:13:32:31":6,"s:33:2:33:46":14,"s:35:13:36:31":15,"f:35:13:35:Infinity":7,"s:36:2:36:31":16,"s:38:13:39:40":17,"f:38:13:38:39":8,"s:39:2:39:40":18}}}
,"C:\\Users\\ASUS\\OneDrive\\Desktop\\Sprint\\connectsphere-frontend\\src\\api\\payments.js": {"path":"C:\\Users\\ASUS\\OneDrive\\Desktop\\Sprint\\connectsphere-frontend\\src\\api\\payments.js","statementMap":{"0":{"start":{"line":8,"column":13},"end":{"line":9,"column":50}},"1":{"start":{"line":9,"column":2},"end":{"line":9,"column":50}},"2":{"start":{"line":11,"column":13},"end":{"line":12,"column":48}},"3":{"start":{"line":12,"column":2},"end":{"line":12,"column":48}},"4":{"start":{"line":14,"column":13},"end":{"line":15,"column":42}},"5":{"start":{"line":15,"column":2},"end":{"line":15,"column":42}}},"fnMap":{"0":{"name":"(anonymous_0)","decl":{"start":{"line":8,"column":13},"end":{"line":8,"column":28}},"loc":{"start":{"line":9,"column":2},"end":{"line":9,"column":50}},"line":9},"1":{"name":"(anonymous_1)","decl":{"start":{"line":11,"column":13},"end":{"line":11,"column":30}},"loc":{"start":{"line":12,"column":2},"end":{"line":12,"column":48}},"line":12},"2":{"name":"(anonymous_2)","decl":{"start":{"line":14,"column":13},"end":{"line":14,"column":null}},"loc":{"start":{"line":15,"column":2},"end":{"line":15,"column":42}},"line":15}},"branchMap":{},"s":{"0":1,"1":0,"2":1,"3":0,"4":1,"5":0},"f":{"0":0,"1":0,"2":0},"b":{},"meta":{"lastBranch":0,"lastFunction":3,"lastStatement":6,"seen":{"s:8:13:9:50":0,"f:8:13:8:28":0,"s:9:2:9:50":1,"s:11:13:12:48":2,"f:11:13:11:30":1,"s:12:2:12:48":3,"s:14:13:15:42":4,"f:14:13:14:Infinity":2,"s:15:2:15:42":5}}}
,"C:\\Users\\ASUS\\OneDrive\\Desktop\\Sprint\\connectsphere-frontend\\src\\api\\posts.js": {"path":"C:\\Users\\ASUS\\OneDrive\\Desktop\\Sprint\\connectsphere-frontend\\src\\api\\posts.js","statementMap":{"0":{"start":{"line":10,"column":13},"end":{"line":11,"column":26}},"1":{"start":{"line":11,"column":2},"end":{"line":11,"column":26}},"2":{"start":{"line":13,"column":13},"end":{"line":14,"column":29}},"3":{"start":{"line":14,"column":2},"end":{"line":14,"column":29}},"4":{"start":{"line":16,"column":13},"end":{"line":17,"column":36}},"5":{"start":{"line":17,"column":2},"end":{"line":17,"column":36}},"6":{"start":{"line":19,"column":13},"end":{"line":20,"column":51}},"7":{"start":{"line":20,"column":2},"end":{"line":20,"column":51}},"8":{"start":{"line":22,"column":13},"end":{"line":23,"column":37}},"9":{"start":{"line":23,"column":2},"end":{"line":23,"column":37}},"10":{"start":{"line":27,"column":13},"end":{"line":28,"column":26}},"11":{"start":{"line":28,"column":2},"end":{"line":28,"column":26}},"12":{"start":{"line":30,"column":13},"end":{"line":31,"column":35}},"13":{"start":{"line":31,"column":2},"end":{"line":31,"column":35}},"14":{"start":{"line":33,"column":13},"end":{"line":34,"column":32}},"15":{"start":{"line":34,"column":2},"end":{"line":34,"column":32}},"16":{"start":{"line":36,"column":13},"end":{"line":37,"column":76}},"17":{"start":{"line":37,"column":2},"end":{"line":37,"column":76}},"18":{"start":{"line":39,"column":13},"end":{"line":40,"column":47}},"19":{"start":{"line":40,"column":2},"end":{"line":40,"column":47}},"20":{"start":{"line":42,"column":13},"end":{"line":43,"column":24}},"21":{"start":{"line":43,"column":2},"end":{"line":43,"column":24}}},"fnMap":{"0":{"name":"(anonymous_0)","decl":{"start":{"line":10,"column":13},"end":{"line":10,"column":null}},"loc":{"start":{"line":11,"column":2},"end":{"line":11,"column":26}},"line":11},"1":{"name":"(anonymous_1)","decl":{"start":{"line":13,"column":13},"end":{"line":13,"column":28}},"loc":{"start":{"line":14,"column":2},"end":{"line":14,"column":29}},"line":14},"2":{"name":"(anonymous_2)","decl":{"start":{"line":16,"column":13},"end":{"line":16,"column":31}},"loc":{"start":{"line":17,"column":2},"end":{"line":17,"column":36}},"line":17},"3":{"name":"(anonymous_3)","decl":{"start":{"line":19,"column":13},"end":{"line":19,"column":28}},"loc":{"start":{"line":20,"column":2},"end":{"line":20,"column":51}},"line":20},"4":{"name":"(anonymous_4)","decl":{"start":{"line":22,"column":13},"end":{"line":22,"column":29}},"loc":{"start":{"line":23,"column":2},"end":{"line":23,"column":37}},"line":23},"5":{"name":"(anonymous_5)","decl":{"start":{"line":27,"column":13},"end":{"line":27,"column":27}},"loc":{"start":{"line":28,"column":2},"end":{"line":28,"column":26}},"line":28},"6":{"name":"(anonymous_6)","decl":{"start":{"line":30,"column":13},"end":{"line":30,"column":27}},"loc":{"start":{"line":31,"column":2},"end":{"line":31,"column":35}},"line":31},"7":{"name":"(anonymous_7)","decl":{"start":{"line":33,"column":13},"end":{"line":33,"column":27}},"loc":{"start":{"line":34,"column":2},"end":{"line":34,"column":32}},"line":34},"8":{"name":"(anonymous_8)","decl":{"start":{"line":36,"column":13},"end":{"line":36,"column":33}},"loc":{"start":{"line":37,"column":2},"end":{"line":37,"column":76}},"line":37},"9":{"name":"(anonymous_9)","decl":{"start":{"line":39,"column":13},"end":{"line":39,"column":36}},"loc":{"start":{"line":40,"column":2},"end":{"line":40,"column":47}},"line":40},"10":{"name":"(anonymous_10)","decl":{"start":{"line":42,"column":13},"end":{"line":42,"column":null}},"loc":{"start":{"line":43,"column":2},"end":{"line":43,"column":24}},"line":43}},"branchMap":{},"s":{"0":1,"1":0,"2":1,"3":0,"4":1,"5":0,"6":1,"7":0,"8":1,"9":0,"10":1,"11":0,"12":1,"13":0,"14":1,"15":0,"16":1,"17":0,"18":1,"19":0,"20":1,"21":0},"f":{"0":0,"1":0,"2":0,"3":0,"4":0,"5":0,"6":0,"7":0,"8":0,"9":0,"10":0},"b":{},"meta":{"lastBranch":0,"lastFunction":11,"lastStatement":22,"seen":{"s:10:13:11:26":0,"f:10:13:10:Infinity":0,"s:11:2:11:26":1,"s:13:13:14:29":2,"f:13:13:13:28":1,"s:14:2:14:29":3,"s:16:13:17:36":4,"f:16:13:16:31":2,"s:17:2:17:36":5,"s:19:13:20:51":6,"f:19:13:19:28":3,"s:20:2:20:51":7,"s:22:13:23:37":8,"f:22:13:22:29":4,"s:23:2:23:37":9,"s:27:13:28:26":10,"f:27:13:27:27":5,"s:28:2:28:26":11,"s:30:13:31:35":12,"f:30:13:30:27":6,"s:31:2:31:35":13,"s:33:13:34:32":14,"f:33:13:33:27":7,"s:34:2:34:32":15,"s:36:13:37:76":16,"f:36:13:36:33":8,"s:37:2:37:76":17,"s:39:13:40:47":18,"f:39:13:39:36":9,"s:40:2:40:47":19,"s:42:13:43:24":20,"f:42:13:42:Infinity":10,"s:43:2:43:24":21}}}
,"C:\\Users\\ASUS\\OneDrive\\Desktop\\Sprint\\connectsphere-frontend\\src\\api\\social.js": {"path":"C:\\Users\\ASUS\\OneDrive\\Desktop\\Sprint\\connectsphere-frontend\\src\\api\\social.js","statementMap":{"0":{"start":{"line":4,"column":13},"end":{"line":5,"column":36}},"1":{"start":{"line":5,"column":2},"end":{"line":5,"column":36}},"2":{"start":{"line":7,"column":13},"end":{"line":8,"column":38}},"3":{"start":{"line":8,"column":2},"end":{"line":8,"column":38}},"4":{"start":{"line":10,"column":13},"end":{"line":11,"column":41}},"5":{"start":{"line":11,"column":2},"end":{"line":11,"column":41}},"6":{"start":{"line":13,"column":13},"end":{"line":14,"column":41}},"7":{"start":{"line":14,"column":2},"end":{"line":14,"column":41}},"8":{"start":{"line":16,"column":13},"end":{"line":17,"column":41}},"9":{"start":{"line":17,"column":2},"end":{"line":17,"column":41}},"10":{"start":{"line":19,"column":13},"end":{"line":20,"column":46}},"11":{"start":{"line":20,"column":2},"end":{"line":20,"column":46}},"12":{"start":{"line":22,"column":13},"end":{"line":23,"column":47}},"13":{"start":{"line":23,"column":2},"end":{"line":23,"column":47}},"14":{"start":{"line":25,"column":13},"end":{"line":26,"column":38}},"15":{"start":{"line":26,"column":2},"end":{"line":26,"column":38}},"16":{"start":{"line":28,"column":13},"end":{"line":29,"column":33}},"17":{"start":{"line":29,"column":2},"end":{"line":29,"column":33}},"18":{"start":{"line":32,"column":13},"end":{"line":33,"column":47}},"19":{"start":{"line":33,"column":2},"end":{"line":33,"column":47}},"20":{"start":{"line":35,"column":13},"end":{"line":36,"column":51}},"21":{"start":{"line":36,"column":2},"end":{"line":36,"column":51}},"22":{"start":{"line":38,"column":13},"end":{"line":39,"column":57}},"23":{"start":{"line":39,"column":2},"end":{"line":39,"column":57}},"24":{"start":{"line":41,"column":13},"end":{"line":42,"column":60}},"25":{"start":{"line":42,"column":2},"end":{"line":42,"column":60}},"26":{"start":{"line":44,"column":13},"end":{"line":45,"column":48}},"27":{"start":{"line":45,"column":2},"end":{"line":45,"column":48}},"28":{"start":{"line":47,"column":13},"end":{"line":48,"column":31}},"29":{"start":{"line":48,"column":2},"end":{"line":48,"column":31}},"30":{"start":{"line":51,"column":13},"end":{"line":52,"column":55}},"31":{"start":{"line":52,"column":2},"end":{"line":52,"column":55}},"32":{"start":{"line":55,"column":13},"end":{"line":58,"column":4}},"33":{"start":{"line":56,"column":2},"end":{"line":58,"column":4}},"34":{"start":{"line":60,"column":13},"end":{"line":61,"column":34}},"35":{"start":{"line":61,"column":2},"end":{"line":61,"column":34}},"36":{"start":{"line":63,"column":13},"end":{"line":64,"column":33}},"37":{"start":{"line":64,"column":2},"end":{"line":64,"column":33}},"38":{"start":{"line":67,"column":13},"end":{"line":68,"column":34}},"39":{"start":{"line":68,"column":2},"end":{"line":68,"column":34}},"40":{"start":{"line":70,"column":13},"end":{"line":71,"column":80}},"41":{"start":{"line":71,"column":2},"end":{"line":71,"column":80}},"42":{"start":{"line":73,"column":13},"end":{"line":73,"column":79}},"43":{"start":{"line":73,"column":38},"end":{"line":73,"column":79}},"44":{"start":{"line":75,"column":13},"end":{"line":75,"column":79}},"45":{"start":{"line":75,"column":40},"end":{"line":75,"column":79}},"46":{"start":{"line":77,"column":13},"end":{"line":78,"column":42}},"47":{"start":{"line":78,"column":2},"end":{"line":78,"column":42}},"48":{"start":{"line":80,"column":13},"end":{"line":81,"column":46}},"49":{"start":{"line":81,"column":2},"end":{"line":81,"column":46}},"50":{"start":{"line":84,"column":13},"end":{"line":85,"column":51}},"51":{"start":{"line":85,"column":2},"end":{"line":85,"column":51}},"52":{"start":{"line":87,"column":13},"end":{"line":88,"column":49}},"53":{"start":{"line":88,"column":2},"end":{"line":88,"column":49}},"54":{"start":{"line":90,"column":13},"end":{"line":90,"column":70}},"55":{"start":{"line":90,"column":41},"end":{"line":90,"column":70}},"56":{"start":{"line":92,"column":13},"end":{"line":93,"column":35}},"57":{"start":{"line":93,"column":2},"end":{"line":93,"column":35}},"58":{"start":{"line":95,"column":13},"end":{"line":96,"column":37}},"59":{"start":{"line":96,"column":2},"end":{"line":96,"column":37}},"60":{"start":{"line":98,"column":13},"end":{"line":99,"column":52}},"61":{"start":{"line":99,"column":2},"end":{"line":99,"column":52}},"62":{"start":{"line":102,"column":13},"end":{"line":103,"column":28}},"63":{"start":{"line":103,"column":2},"end":{"line":103,"column":28}}},"fnMap":{"0":{"name":"(anonymous_0)","decl":{"start":{"line":4,"column":13},"end":{"line":4,"column":27}},"loc":{"start":{"line":5,"column":2},"end":{"line":5,"column":36}},"line":5},"1":{"name":"(anonymous_1)","decl":{"start":{"line":7,"column":13},"end":{"line":7,"column":29}},"loc":{"start":{"line":8,"column":2},"end":{"line":8,"column":38}},"line":8},"2":{"name":"(anonymous_2)","decl":{"start":{"line":10,"column":13},"end":{"line":10,"column":28}},"loc":{"start":{"line":11,"column":2},"end":{"line":11,"column":41}},"line":11},"3":{"name":"(anonymous_3)","decl":{"start":{"line":13,"column":13},"end":{"line":13,"column":29}},"loc":{"start":{"line":14,"column":2},"end":{"line":14,"column":41}},"line":14},"4":{"name":"(anonymous_4)","decl":{"start":{"line":16,"column":13},"end":{"line":16,"column":29}},"loc":{"start":{"line":17,"column":2},"end":{"line":17,"column":41}},"line":17},"5":{"name":"(anonymous_5)","decl":{"start":{"line":19,"column":13},"end":{"line":19,"column":33}},"loc":{"start":{"line":20,"column":2},"end":{"line":20,"column":46}},"line":20},"6":{"name":"(anonymous_6)","decl":{"start":{"line":22,"column":13},"end":{"line":22,"column":34}},"loc":{"start":{"line":23,"column":2},"end":{"line":23,"column":47}},"line":23},"7":{"name":"(anonymous_7)","decl":{"start":{"line":25,"column":13},"end":{"line":25,"column":33}},"loc":{"start":{"line":26,"column":2},"end":{"line":26,"column":38}},"line":26},"8":{"name":"(anonymous_8)","decl":{"start":{"line":28,"column":13},"end":{"line":28,"column":null}},"loc":{"start":{"line":29,"column":2},"end":{"line":29,"column":33}},"line":29},"9":{"name":"(anonymous_9)","decl":{"start":{"line":32,"column":13},"end":{"line":32,"column":33}},"loc":{"start":{"line":33,"column":2},"end":{"line":33,"column":47}},"line":33},"10":{"name":"(anonymous_10)","decl":{"start":{"line":35,"column":13},"end":{"line":35,"column":27}},"loc":{"start":{"line":36,"column":2},"end":{"line":36,"column":51}},"line":36},"11":{"name":"(anonymous_11)","decl":{"start":{"line":38,"column":13},"end":{"line":38,"column":28}},"loc":{"start":{"line":39,"column":2},"end":{"line":39,"column":57}},"line":39},"12":{"name":"(anonymous_12)","decl":{"start":{"line":41,"column":13},"end":{"line":41,"column":31}},"loc":{"start":{"line":42,"column":2},"end":{"line":42,"column":60}},"line":42},"13":{"name":"(anonymous_13)","decl":{"start":{"line":44,"column":13},"end":{"line":44,"column":35}},"loc":{"start":{"line":45,"column":2},"end":{"line":45,"column":48}},"line":45},"14":{"name":"(anonymous_14)","decl":{"start":{"line":47,"column":13},"end":{"line":47,"column":null}},"loc":{"start":{"line":48,"column":2},"end":{"line":48,"column":31}},"line":48},"15":{"name":"(anonymous_15)","decl":{"start":{"line":51,"column":13},"end":{"line":51,"column":37}},"loc":{"start":{"line":52,"column":2},"end":{"line":52,"column":55}},"line":52},"16":{"name":"(anonymous_16)","decl":{"start":{"line":55,"column":13},"end":{"line":55,"column":28}},"loc":{"start":{"line":56,"column":2},"end":{"line":58,"column":4}},"line":56},"17":{"name":"(anonymous_17)","decl":{"start":{"line":60,"column":13},"end":{"line":60,"column":31}},"loc":{"start":{"line":61,"column":2},"end":{"line":61,"column":34}},"line":61},"18":{"name":"(anonymous_18)","decl":{"start":{"line":63,"column":13},"end":{"line":63,"column":28}},"loc":{"start":{"line":64,"column":2},"end":{"line":64,"column":33}},"line":64},"19":{"name":"(anonymous_19)","decl":{"start":{"line":67,"column":13},"end":{"line":67,"column":28}},"loc":{"start":{"line":68,"column":2},"end":{"line":68,"column":34}},"line":68},"20":{"name":"(anonymous_20)","decl":{"start":{"line":70,"column":13},"end":{"line":70,"column":33}},"loc":{"start":{"line":71,"column":2},"end":{"line":71,"column":80}},"line":71},"21":{"name":"(anonymous_21)","decl":{"start":{"line":73,"column":13},"end":{"line":73,"column":26}},"loc":{"start":{"line":73,"column":38},"end":{"line":73,"column":79}},"line":73},"22":{"name":"(anonymous_22)","decl":{"start":{"line":75,"column":13},"end":{"line":75,"column":28}},"loc":{"start":{"line":75,"column":40},"end":{"line":75,"column":79}},"line":75},"23":{"name":"(anonymous_23)","decl":{"start":{"line":77,"column":13},"end":{"line":77,"column":33}},"loc":{"start":{"line":78,"column":2},"end":{"line":78,"column":42}},"line":78},"24":{"name":"(anonymous_24)","decl":{"start":{"line":80,"column":13},"end":{"line":80,"column":32}},"loc":{"start":{"line":81,"column":2},"end":{"line":81,"column":46}},"line":81},"25":{"name":"(anonymous_25)","decl":{"start":{"line":84,"column":13},"end":{"line":84,"column":28}},"loc":{"start":{"line":85,"column":2},"end":{"line":85,"column":51}},"line":85},"26":{"name":"(anonymous_26)","decl":{"start":{"line":87,"column":13},"end":{"line":87,"column":28}},"loc":{"start":{"line":88,"column":2},"end":{"line":88,"column":49}},"line":88},"27":{"name":"(anonymous_27)","decl":{"start":{"line":90,"column":13},"end":{"line":90,"column":41}},"loc":{"start":{"line":90,"column":41},"end":{"line":90,"column":70}},"line":90},"28":{"name":"(anonymous_28)","decl":{"start":{"line":92,"column":13},"end":{"line":92,"column":34}},"loc":{"start":{"line":93,"column":2},"end":{"line":93,"column":35}},"line":93},"29":{"name":"(anonymous_29)","decl":{"start":{"line":95,"column":13},"end":{"line":95,"column":35}},"loc":{"start":{"line":96,"column":2},"end":{"line":96,"column":37}},"line":96},"30":{"name":"(anonymous_30)","decl":{"start":{"line":98,"column":13},"end":{"line":98,"column":31}},"loc":{"start":{"line":99,"column":2},"end":{"line":99,"column":52}},"line":99},"31":{"name":"(anonymous_31)","decl":{"start":{"line":102,"column":13},"end":{"line":102,"column":29}},"loc":{"start":{"line":103,"column":2},"end":{"line":103,"column":28}},"line":103}},"branchMap":{"0":{"loc":{"start":{"line":70,"column":33},"end":{"line":70,"column":47}},"type":"default-arg","locations":[{"start":{"line":70,"column":45},"end":{"line":70,"column":47}}],"line":70}},"s":{"0":1,"1":0,"2":1,"3":0,"4":1,"5":0,"6":1,"7":0,"8":1,"9":0,"10":1,"11":0,"12":1,"13":0,"14":1,"15":0,"16":1,"17":0,"18":1,"19":0,"20":1,"21":0,"22":1,"23":0,"24":1,"25":0,"26":1,"27":0,"28":1,"29":0,"30":1,"31":0,"32":1,"33":0,"34":1,"35":0,"36":1,"37":0,"38":1,"39":0,"40":1,"41":0,"42":1,"43":0,"44":1,"45":0,"46":1,"47":0,"48":1,"49":0,"50":1,"51":0,"52":1,"53":0,"54":1,"55":0,"56":1,"57":0,"58":1,"59":0,"60":1,"61":0,"62":1,"63":0},"f":{"0":0,"1":0,"2":0,"3":0,"4":0,"5":0,"6":0,"7":0,"8":0,"9":0,"10":0,"11":0,"12":0,"13":0,"14":0,"15":0,"16":0,"17":0,"18":0,"19":0,"20":0,"21":0,"22":0,"23":0,"24":0,"25":0,"26":0,"27":0,"28":0,"29":0,"30":0,"31":0},"b":{"0":[0]},"meta":{"lastBranch":1,"lastFunction":32,"lastStatement":64,"seen":{"s:4:13:5:36":0,"f:4:13:4:27":0,"s:5:2:5:36":1,"s:7:13:8:38":2,"f:7:13:7:29":1,"s:8:2:8:38":3,"s:10:13:11:41":4,"f:10:13:10:28":2,"s:11:2:11:41":5,"s:13:13:14:41":6,"f:13:13:13:29":3,"s:14:2:14:41":7,"s:16:13:17:41":8,"f:16:13:16:29":4,"s:17:2:17:41":9,"s:19:13:20:46":10,"f:19:13:19:33":5,"s:20:2:20:46":11,"s:22:13:23:47":12,"f:22:13:22:34":6,"s:23:2:23:47":13,"s:25:13:26:38":14,"f:25:13:25:33":7,"s:26:2:26:38":15,"s:28:13:29:33":16,"f:28:13:28:Infinity":8,"s:29:2:29:33":17,"s:32:13:33:47":18,"f:32:13:32:33":9,"s:33:2:33:47":19,"s:35:13:36:51":20,"f:35:13:35:27":10,"s:36:2:36:51":21,"s:38:13:39:57":22,"f:38:13:38:28":11,"s:39:2:39:57":23,"s:41:13:42:60":24,"f:41:13:41:31":12,"s:42:2:42:60":25,"s:44:13:45:48":26,"f:44:13:44:35":13,"s:45:2:45:48":27,"s:47:13:48:31":28,"f:47:13:47:Infinity":14,"s:48:2:48:31":29,"s:51:13:52:55":30,"f:51:13:51:37":15,"s:52:2:52:55":31,"s:55:13:58:4":32,"f:55:13:55:28":16,"s:56:2:58:4":33,"s:60:13:61:34":34,"f:60:13:60:31":17,"s:61:2:61:34":35,"s:63:13:64:33":36,"f:63:13:63:28":18,"s:64:2:64:33":37,"s:67:13:68:34":38,"f:67:13:67:28":19,"s:68:2:68:34":39,"s:70:13:71:80":40,"f:70:13:70:33":20,"s:71:2:71:80":41,"b:70:45:70:47":0,"s:73:13:73:79":42,"f:73:13:73:26":21,"s:73:38:73:79":43,"s:75:13:75:79":44,"f:75:13:75:28":22,"s:75:40:75:79":45,"s:77:13:78:42":46,"f:77:13:77:33":23,"s:78:2:78:42":47,"s:80:13:81:46":48,"f:80:13:80:32":24,"s:81:2:81:46":49,"s:84:13:85:51":50,"f:84:13:84:28":25,"s:85:2:85:51":51,"s:87:13:88:49":52,"f:87:13:87:28":26,"s:88:2:88:49":53,"s:90:13:90:70":54,"f:90:13:90:41":27,"s:90:41:90:70":55,"s:92:13:93:35":56,"f:92:13:92:34":28,"s:93:2:93:35":57,"s:95:13:96:37":58,"f:95:13:95:35":29,"s:96:2:96:37":59,"s:98:13:99:52":60,"f:98:13:98:31":30,"s:99:2:99:52":61,"s:102:13:103:28":62,"f:102:13:102:29":31,"s:103:2:103:28":63}}}
,"C:\\Users\\ASUS\\OneDrive\\Desktop\\Sprint\\connectsphere-frontend\\src\\components\\comment\\CommentForm.jsx": {"path":"C:\\Users\\ASUS\\OneDrive\\Desktop\\Sprint\\connectsphere-frontend\\src\\components\\comment\\CommentForm.jsx","statementMap":{"0":{"start":{"line":10,"column":16},"end":{"line":10,"column":45}},"1":{"start":{"line":11,"column":8},"end":{"line":11,"column":32}},"2":{"start":{"line":12,"column":15},"end":{"line":12,"column":38}},"3":{"start":{"line":13,"column":18},"end":{"line":13,"column":47}},"4":{"start":{"line":15,"column":23},"end":{"line":37,"column":null}},"5":{"start":{"line":16,"column":4},"end":{"line":16,"column":null}},"6":{"start":{"line":17,"column":4},"end":{"line":17,"column":null}},"7":{"start":{"line":17,"column":22},"end":{"line":17,"column":null}},"8":{"start":{"line":18,"column":4},"end":{"line":18,"column":null}},"9":{"start":{"line":19,"column":4},"end":{"line":37,"column":null}},"10":{"start":{"line":20,"column":18},"end":{"line":25,"column":8}},"11":{"start":{"line":26,"column":6},"end":{"line":26,"column":null}},"12":{"start":{"line":28,"column":25},"end":{"line":32,"column":null}},"13":{"start":{"line":33,"column":6},"end":{"line":33,"column":null}},"14":{"start":{"line":35,"column":6},"end":{"line":35,"column":null}},"15":{"start":{"line":37,"column":6},"end":{"line":37,"column":null}},"16":{"start":{"line":41,"column":2},"end":{"line":45,"column":null}},"17":{"start":{"line":42,"column":4},"end":{"line":45,"column":null}},"18":{"start":{"line":43,"column":118},"end":{"line":43,"column":136}},"19":{"start":{"line":50,"column":2},"end":{"line":72,"column":null}},"20":{"start":{"line":59,"column":27},"end":{"line":59,"column":50}}},"fnMap":{"0":{"name":"CommentForm","decl":{"start":{"line":9,"column":24},"end":{"line":9,"column":36}},"loc":{"start":{"line":9,"column":115},"end":{"line":72,"column":null}},"line":9},"1":{"name":"(anonymous_1)","decl":{"start":{"line":15,"column":23},"end":{"line":15,"column":30}},"loc":{"start":{"line":15,"column":36},"end":{"line":37,"column":null}},"line":15},"2":{"name":"(anonymous_2)","decl":{"start":{"line":43,"column":103},"end":{"line":43,"column":118}},"loc":{"start":{"line":43,"column":118},"end":{"line":43,"column":136}},"line":43},"3":{"name":"(anonymous_3)","decl":{"start":{"line":59,"column":10},"end":{"line":59,"column":21}},"loc":{"start":{"line":59,"column":27},"end":{"line":59,"column":50}},"line":59}},"branchMap":{"0":{"loc":{"start":{"line":9,"column":46},"end":{"line":9,"column":70}},"type":"default-arg","locations":[{"start":{"line":9,"column":64},"end":{"line":9,"column":70}}],"line":9},"1":{"loc":{"start":{"line":9,"column":79},"end":{"line":9,"column":115}},"type":"default-arg","locations":[{"start":{"line":9,"column":93},"end":{"line":9,"column":115}}],"line":9},"2":{"loc":{"start":{"line":17,"column":4},"end":{"line":17,"column":null}},"type":"if","locations":[{"start":{"line":17,"column":4},"end":{"line":17,"column":null}},{"start":{},"end":{}}],"line":17},"3":{"loc":{"start":{"line":24,"column":25},"end":{"line":24,"column":null}},"type":"binary-expr","locations":[{"start":{"line":24,"column":25},"end":{"line":24,"column":44}},{"start":{"line":24,"column":44},"end":{"line":24,"column":null}}],"line":24},"4":{"loc":{"start":{"line":29,"column":12},"end":{"line":29,"column":null}},"type":"binary-expr","locations":[{"start":{"line":29,"column":12},"end":{"line":29,"column":30}},{"start":{"line":29,"column":30},"end":{"line":29,"column":null}}],"line":29},"5":{"loc":{"start":{"line":41,"column":2},"end":{"line":45,"column":null}},"type":"if","locations":[{"start":{"line":41,"column":2},"end":{"line":45,"column":null}},{"start":{},"end":{}}],"line":41},"6":{"loc":{"start":{"line":64,"column":20},"end":{"line":64,"column":null}},"type":"binary-expr","locations":[{"start":{"line":64,"column":20},"end":{"line":64,"column":32}},{"start":{"line":64,"column":36},"end":{"line":64,"column":null}}],"line":64},"7":{"loc":{"start":{"line":68,"column":19},"end":{"line":68,"column":null}},"type":"cond-expr","locations":[{"start":{"line":68,"column":33},"end":{"line":68,"column":50}},{"start":{"line":68,"column":50},"end":{"line":68,"column":null}}],"line":68}},"s":{"0":0,"1":0,"2":0,"3":0,"4":0,"5":0,"6":0,"7":0,"8":0,"9":0,"10":0,"11":0,"12":0,"13":0,"14":0,"15":0,"16":0,"17":0,"18":0,"19":0,"20":0},"f":{"0":0,"1":0,"2":0,"3":0},"b":{"0":[0],"1":[0],"2":[0,0],"3":[0,0],"4":[0,0],"5":[0,0],"6":[0,0],"7":[0,0]},"meta":{"lastBranch":8,"lastFunction":4,"lastStatement":21,"seen":{"f:9:24:9:36":0,"b:9:64:9:70":0,"b:9:93:9:115":1,"s:10:16:10:45":0,"s:11:8:11:32":1,"s:12:15:12:38":2,"s:13:18:13:47":3,"s:15:23:37:Infinity":4,"f:15:23:15:30":1,"s:16:4:16:Infinity":5,"b:17:4:17:Infinity:undefined:undefined:undefined:undefined":2,"s:17:4:17:Infinity":6,"s:17:22:17:Infinity":7,"s:18:4:18:Infinity":8,"s:19:4:37:Infinity":9,"s:20:18:25:8":10,"b:24:25:24:44:24:44:24:Infinity":3,"s:26:6:26:Infinity":11,"s:28:25:32:Infinity":12,"b:29:12:29:30:29:30:29:Infinity":4,"s:33:6:33:Infinity":13,"s:35:6:35:Infinity":14,"s:37:6:37:Infinity":15,"b:41:2:45:Infinity:undefined:undefined:undefined:undefined":5,"s:41:2:45:Infinity":16,"s:42:4:45:Infinity":17,"f:43:103:43:118":2,"s:43:118:43:136":18,"s:50:2:72:Infinity":19,"f:59:10:59:21":3,"s:59:27:59:50":20,"b:64:20:64:32:64:36:64:Infinity":6,"b:68:33:68:50:68:50:68:Infinity":7}}}
,"C:\\Users\\ASUS\\OneDrive\\Desktop\\Sprint\\connectsphere-frontend\\src\\components\\comment\\CommentItem.jsx": {"path":"C:\\Users\\ASUS\\OneDrive\\Desktop\\Sprint\\connectsphere-frontend\\src\\components\\comment\\CommentItem.jsx","statementMap":{"0":{"start":{"line":14,"column":10},"end":{"line":14,"column":28}},"1":{"start":{"line":15,"column":18},"end":{"line":15,"column":53}},"2":{"start":{"line":16,"column":19},"end":{"line":16,"column":63}},"3":{"start":{"line":17,"column":16},"end":{"line":17,"column":53}},"4":{"start":{"line":18,"column":20},"end":{"line":18,"column":71}},"5":{"start":{"line":19,"column":26},"end":{"line":19,"column":81}},"6":{"start":{"line":20,"column":20},"end":{"line":20,"column":53}},"7":{"start":{"line":21,"column":18},"end":{"line":21,"column":50}},"8":{"start":{"line":22,"column":22},"end":{"line":22,"column":55}},"9":{"start":{"line":23,"column":25},"end":{"line":23,"column":61}},"10":{"start":{"line":24,"column":24},"end":{"line":24,"column":58}},"11":{"start":{"line":25,"column":28},"end":{"line":25,"column":67}},"12":{"start":{"line":26,"column":21},"end":{"line":26,"column":53}},"13":{"start":{"line":29,"column":2},"end":{"line":35,"column":null}},"14":{"start":{"line":30,"column":4},"end":{"line":33,"column":null}},"15":{"start":{"line":31,"column":6},"end":{"line":33,"column":null}},"16":{"start":{"line":32,"column":21},"end":{"line":32,"column":53}},"17":{"start":{"line":37,"column":21},"end":{"line":37,"column":null}},"18":{"start":{"line":38,"column":21},"end":{"line":38,"column":null}},"19":{"start":{"line":40,"column":18},"end":{"line":40,"column":null}},"20":{"start":{"line":42,"column":23},"end":{"line":52,"column":null}},"21":{"start":{"line":43,"column":4},"end":{"line":43,"column":null}},"22":{"start":{"line":44,"column":4},"end":{"line":52,"column":null}},"23":{"start":{"line":45,"column":6},"end":{"line":45,"column":null}},"24":{"start":{"line":46,"column":6},"end":{"line":46,"column":null}},"25":{"start":{"line":47,"column":6},"end":{"line":47,"column":null}},"26":{"start":{"line":48,"column":6},"end":{"line":48,"column":null}},"27":{"start":{"line":50,"column":6},"end":{"line":50,"column":null}},"28":{"start":{"line":52,"column":6},"end":{"line":52,"column":null}},"29":{"start":{"line":56,"column":21},"end":{"line":62,"column":null}},"30":{"start":{"line":57,"column":4},"end":{"line":62,"column":null}},"31":{"start":{"line":58,"column":6},"end":{"line":58,"column":null}},"32":{"start":{"line":59,"column":6},"end":{"line":59,"column":null}},"33":{"start":{"line":60,"column":6},"end":{"line":60,"column":null}},"34":{"start":{"line":61,"column":6},"end":{"line":61,"column":null}},"35":{"start":{"line":62,"column":14},"end":{"line":62,"column":null}},"36":{"start":{"line":65,"column":21},"end":{"line":70,"column":null}},"37":{"start":{"line":66,"column":4},"end":{"line":70,"column":null}},"38":{"start":{"line":67,"column":6},"end":{"line":68,"column":null}},"39":{"start":{"line":67,"column":19},"end":{"line":67,"column":59}},"40":{"start":{"line":67,"column":59},"end":{"line":67,"column":null}},"41":{"start":{"line":67,"column":77},"end":{"line":67,"column":95}},"42":{"start":{"line":68,"column":20},"end":{"line":68,"column":59}},"43":{"start":{"line":68,"column":59},"end":{"line":68,"column":null}},"44":{"start":{"line":68,"column":77},"end":{"line":68,"column":83}},"45":{"start":{"line":69,"column":6},"end":{"line":69,"column":null}},"46":{"start":{"line":73,"column":22},"end":{"line":86,"column":null}},"47":{"start":{"line":74,"column":4},"end":{"line":74,"column":null}},"48":{"start":{"line":74,"column":23},"end":{"line":74,"column":46}},"49":{"start":{"line":74,"column":46},"end":{"line":74,"column":null}},"50":{"start":{"line":75,"column":4},"end":{"line":75,"column":null}},"51":{"start":{"line":76,"column":4},"end":{"line":86,"column":null}},"52":{"start":{"line":77,"column":18},"end":{"line":77,"column":53}},"53":{"start":{"line":78,"column":25},"end":{"line":78,"column":57}},"54":{"start":{"line":80,"column":28},"end":{"line":80,"column":64}},"55":{"start":{"line":80,"column":51},"end":{"line":80,"column":64}},"56":{"start":{"line":81,"column":6},"end":{"line":81,"column":null}},"57":{"start":{"line":82,"column":6},"end":{"line":82,"column":null}},"58":{"start":{"line":83,"column":6},"end":{"line":83,"column":null}},"59":{"start":{"line":85,"column":6},"end":{"line":85,"column":null}},"60":{"start":{"line":86,"column":16},"end":{"line":86,"column":null}},"61":{"start":{"line":89,"column":2},"end":{"line":218,"column":null}},"62":{"start":{"line":102,"column":35},"end":{"line":102,"column":null}},"63":{"start":{"line":105,"column":72},"end":{"line":105,"column":89}},"64":{"start":{"line":123,"column":29},"end":{"line":123,"column":53}},"65":{"start":{"line":129,"column":154},"end":{"line":129,"column":170}},"66":{"start":{"line":132,"column":149},"end":{"line":132,"column":175}},"67":{"start":{"line":140,"column":29},"end":{"line":140,"column":56}},"68":{"start":{"line":181,"column":18},"end":{"line":181,"column":null}},"69":{"start":{"line":181,"column":37},"end":{"line":181,"column":49}},"70":{"start":{"line":182,"column":18},"end":{"line":182,"column":null}},"71":{"start":{"line":182,"column":45},"end":{"line":182,"column":54}},"72":{"start":{"line":183,"column":18},"end":{"line":183,"column":null}},"73":{"start":{"line":183,"column":42},"end":{"line":183,"column":51}},"74":{"start":{"line":184,"column":18},"end":{"line":184,"column":null}},"75":{"start":{"line":185,"column":18},"end":{"line":185,"column":null}},"76":{"start":{"line":202,"column":16},"end":{"line":212,"column":null}},"77":{"start":{"line":208,"column":20},"end":{"line":208,"column":null}},"78":{"start":{"line":208,"column":39},"end":{"line":208,"column":75}},"79":{"start":{"line":208,"column":56},"end":{"line":208,"column":75}},"80":{"start":{"line":209,"column":20},"end":{"line":209,"column":null}},"81":{"start":{"line":209,"column":47},"end":{"line":209,"column":68}},"82":{"start":{"line":210,"column":20},"end":{"line":210,"column":null}},"83":{"start":{"line":210,"column":44},"end":{"line":210,"column":65}}},"fnMap":{"0":{"name":"CommentItem","decl":{"start":{"line":13,"column":24},"end":{"line":13,"column":36}},"loc":{"start":{"line":13,"column":83},"end":{"line":218,"column":null}},"line":13},"1":{"name":"(anonymous_1)","decl":{"start":{"line":29,"column":2},"end":{"line":29,"column":18}},"loc":{"start":{"line":29,"column":18},"end":{"line":35,"column":6}},"line":29},"2":{"name":"(anonymous_2)","decl":{"start":{"line":32,"column":9},"end":{"line":32,"column":14}},"loc":{"start":{"line":32,"column":21},"end":{"line":32,"column":53}},"line":32},"3":{"name":"(anonymous_3)","decl":{"start":{"line":33,"column":9},"end":{"line":33,"column":21}},"loc":{"start":{"line":33,"column":21},"end":{"line":33,"column":24}},"line":33},"4":{"name":"(anonymous_4)","decl":{"start":{"line":42,"column":23},"end":{"line":42,"column":35}},"loc":{"start":{"line":42,"column":35},"end":{"line":52,"column":null}},"line":42},"5":{"name":"(anonymous_5)","decl":{"start":{"line":56,"column":21},"end":{"line":56,"column":33}},"loc":{"start":{"line":56,"column":33},"end":{"line":62,"column":null}},"line":56},"6":{"name":"(anonymous_6)","decl":{"start":{"line":65,"column":21},"end":{"line":65,"column":33}},"loc":{"start":{"line":65,"column":33},"end":{"line":70,"column":null}},"line":65},"7":{"name":"(anonymous_7)","decl":{"start":{"line":67,"column":59},"end":{"line":67,"column":72}},"loc":{"start":{"line":67,"column":77},"end":{"line":67,"column":95}},"line":67},"8":{"name":"(anonymous_8)","decl":{"start":{"line":68,"column":59},"end":{"line":68,"column":72}},"loc":{"start":{"line":68,"column":77},"end":{"line":68,"column":83}},"line":68},"9":{"name":"(anonymous_9)","decl":{"start":{"line":73,"column":22},"end":{"line":73,"column":34}},"loc":{"start":{"line":73,"column":34},"end":{"line":86,"column":null}},"line":73},"10":{"name":"(anonymous_10)","decl":{"start":{"line":80,"column":39},"end":{"line":80,"column":46}},"loc":{"start":{"line":80,"column":51},"end":{"line":80,"column":64}},"line":80},"11":{"name":"(anonymous_11)","decl":{"start":{"line":102,"column":18},"end":{"line":102,"column":29}},"loc":{"start":{"line":102,"column":35},"end":{"line":102,"column":null}},"line":102},"12":{"name":"(anonymous_12)","decl":{"start":{"line":105,"column":57},"end":{"line":105,"column":72}},"loc":{"start":{"line":105,"column":72},"end":{"line":105,"column":89}},"line":105},"13":{"name":"(anonymous_13)","decl":{"start":{"line":123,"column":14},"end":{"line":123,"column":29}},"loc":{"start":{"line":123,"column":29},"end":{"line":123,"column":53}},"line":123},"14":{"name":"(anonymous_14)","decl":{"start":{"line":129,"column":139},"end":{"line":129,"column":154}},"loc":{"start":{"line":129,"column":154},"end":{"line":129,"column":170}},"line":129},"15":{"name":"(anonymous_15)","decl":{"start":{"line":132,"column":134},"end":{"line":132,"column":149}},"loc":{"start":{"line":132,"column":149},"end":{"line":132,"column":175}},"line":132},"16":{"name":"(anonymous_16)","decl":{"start":{"line":140,"column":14},"end":{"line":140,"column":29}},"loc":{"start":{"line":140,"column":29},"end":{"line":140,"column":56}},"line":140},"17":{"name":"(anonymous_17)","decl":{"start":{"line":180,"column":16},"end":{"line":180,"column":26}},"loc":{"start":{"line":180,"column":32},"end":{"line":185,"column":null}},"line":180},"18":{"name":"(anonymous_18)","decl":{"start":{"line":181,"column":18},"end":{"line":181,"column":29}},"loc":{"start":{"line":181,"column":37},"end":{"line":181,"column":49}},"line":181},"19":{"name":"(anonymous_19)","decl":{"start":{"line":182,"column":18},"end":{"line":182,"column":37}},"loc":{"start":{"line":182,"column":45},"end":{"line":182,"column":54}},"line":182},"20":{"name":"(anonymous_20)","decl":{"start":{"line":183,"column":18},"end":{"line":183,"column":34}},"loc":{"start":{"line":183,"column":42},"end":{"line":183,"column":51}},"line":183},"21":{"name":"(anonymous_21)","decl":{"start":{"line":201,"column":23},"end":{"line":201,"column":28}},"loc":{"start":{"line":202,"column":16},"end":{"line":212,"column":null}},"line":202},"22":{"name":"(anonymous_22)","decl":{"start":{"line":207,"column":18},"end":{"line":207,"column":30}},"loc":{"start":{"line":207,"column":37},"end":{"line":210,"column":null}},"line":207},"23":{"name":"(anonymous_23)","decl":{"start":{"line":208,"column":20},"end":{"line":208,"column":31}},"loc":{"start":{"line":208,"column":39},"end":{"line":208,"column":75}},"line":208},"24":{"name":"(anonymous_24)","decl":{"start":{"line":208,"column":44},"end":{"line":208,"column":51}},"loc":{"start":{"line":208,"column":56},"end":{"line":208,"column":75}},"line":208},"25":{"name":"(anonymous_25)","decl":{"start":{"line":209,"column":20},"end":{"line":209,"column":39}},"loc":{"start":{"line":209,"column":47},"end":{"line":209,"column":68}},"line":209},"26":{"name":"(anonymous_26)","decl":{"start":{"line":210,"column":20},"end":{"line":210,"column":36}},"loc":{"start":{"line":210,"column":44},"end":{"line":210,"column":65}},"line":210}},"branchMap":{"0":{"loc":{"start":{"line":18,"column":47},"end":{"line":18,"column":71}},"type":"binary-expr","locations":[{"start":{"line":18,"column":47},"end":{"line":18,"column":69}},{"start":{"line":18,"column":69},"end":{"line":18,"column":71}}],"line":18},"1":{"loc":{"start":{"line":19,"column":57},"end":{"line":19,"column":81}},"type":"binary-expr","locations":[{"start":{"line":19,"column":57},"end":{"line":19,"column":79}},{"start":{"line":19,"column":79},"end":{"line":19,"column":81}}],"line":19},"2":{"loc":{"start":{"line":30,"column":4},"end":{"line":33,"column":null}},"type":"if","locations":[{"start":{"line":30,"column":4},"end":{"line":33,"column":null}},{"start":{},"end":{}}],"line":30},"3":{"loc":{"start":{"line":30,"column":8},"end":{"line":30,"column":53}},"type":"binary-expr","locations":[{"start":{"line":30,"column":8},"end":{"line":30,"column":35}},{"start":{"line":30,"column":35},"end":{"line":30,"column":53}}],"line":30},"4":{"loc":{"start":{"line":37,"column":21},"end":{"line":37,"column":null}},"type":"binary-expr","locations":[{"start":{"line":37,"column":21},"end":{"line":37,"column":47}},{"start":{"line":37,"column":47},"end":{"line":37,"column":74}},{"start":{"line":37,"column":74},"end":{"line":37,"column":null}}],"line":37},"5":{"loc":{"start":{"line":38,"column":21},"end":{"line":38,"column":null}},"type":"binary-expr","locations":[{"start":{"line":38,"column":21},"end":{"line":38,"column":49}},{"start":{"line":38,"column":49},"end":{"line":38,"column":null}}],"line":38},"6":{"loc":{"start":{"line":67,"column":6},"end":{"line":68,"column":null}},"type":"if","locations":[{"start":{"line":67,"column":6},"end":{"line":68,"column":null}},{"start":{"line":68,"column":18},"end":{"line":68,"column":null}}],"line":67},"7":{"loc":{"start":{"line":74,"column":4},"end":{"line":74,"column":null}},"type":"if","locations":[{"start":{"line":74,"column":4},"end":{"line":74,"column":null}},{"start":{},"end":{}}],"line":74},"8":{"loc":{"start":{"line":78,"column":25},"end":{"line":78,"column":57}},"type":"binary-expr","locations":[{"start":{"line":78,"column":25},"end":{"line":78,"column":43}},{"start":{"line":78,"column":43},"end":{"line":78,"column":55}},{"start":{"line":78,"column":55},"end":{"line":78,"column":57}}],"line":78},"9":{"loc":{"start":{
[...]
"name":"(anonymous_13)","decl":{"start":{"line":165,"column":12},"end":{"line":165,"column":27}},"loc":{"start":{"line":165,"column":27},"end":{"line":165,"column":48}},"line":165}},"branchMap":{"0":{"loc":{"start":{"line":20,"column":4},"end":{"line":22,"column":null}},"type":"if","locations":[{"start":{"line":20,"column":4},"end":{"line":22,"column":null}},{"start":{},"end":{}}],"line":20},"1":{"loc":{"start":{"line":28,"column":4},"end":{"line":29,"column":null}},"type":"if","locations":[{"start":{"line":28,"column":4},"end":{"line":29,"column":null}},{"start":{},"end":{}}],"line":28},"2":{"loc":{"start":{"line":35,"column":4},"end":{"line":35,"column":null}},"type":"if","locations":[{"start":{"line":35,"column":4},"end":{"line":35,"column":null}},{"start":{},"end":{}}],"line":35},"3":{"loc":{"start":{"line":41,"column":4},"end":{"line":42,"column":null}},"type":"if","locations":[{"start":{"line":41,"column":4},"end":{"line":42,"column":null}},{"start":{},"end":{}}],"line":41},"4":{"loc":{"start":{"line":41,"column":8},"end":{"line":41,"column":28}},"type":"binary-expr","locations":[{"start":{"line":41,"column":8},"end":{"line":41,"column":17}},{"start":{"line":41,"column":17},"end":{"line":41,"column":28}}],"line":41},"5":{"loc":{"start":{"line":47,"column":4},"end":{"line":48,"column":null}},"type":"if","locations":[{"start":{"line":47,"column":4},"end":{"line":48,"column":null}},{"start":{},"end":{}}],"line":47},"6":{"loc":{"start":{"line":47,"column":8},"end":{"line":47,"column":59}},"type":"binary-expr","locations":[{"start":{"line":47,"column":8},"end":{"line":47,"column":33}},{"start":{"line":47,"column":33},"end":{"line":47,"column":48}},{"start":{"line":47,"column":48},"end":{"line":47,"column":59}}],"line":47},"7":{"loc":{"start":{"line":55,"column":4},"end":{"line":57,"column":null}},"type":"if","locations":[{"start":{"line":55,"column":4},"end":{"line":57,"column":null}},{"start":{},"end":{}}],"line":55},"8":{"loc":{"start":{"line":66,"column":18},"end":{"line":66,"column":null}},"type":"binary-expr","locations":[{"start":{"line":66,"column":18},"end":{"line":66,"column":49}},{"start":{"line":66,"column":49},"end":{"line":66,"column":null}}],"line":66},"9":{"loc":{"start":{"line":74,"column":4},"end":{"line":74,"column":null}},"type":"if","locations":[{"start":{"line":74,"column":4},"end":{"line":74,"column":null}},{"start":{},"end":{}}],"line":74},"10":{"loc":{"start":{"line":81,"column":18},"end":{"line":81,"column":73}},"type":"binary-expr","locations":[{"start":{"line":81,"column":18},"end":{"line":81,"column":49}},{"start":{"line":81,"column":49},"end":{"line":81,"column":73}}],"line":81},"11":{"loc":{"start":{"line":138,"column":15},"end":{"line":138,"column":null}},"type":"cond-expr","locations":[{"start":{"line":138,"column":25},"end":{"line":138,"column":null}},{"start":{"line":138,"column":49},"end":{"line":138,"column":null}}],"line":138},"12":{"loc":{"start":{"line":148,"column":24},"end":{"line":148,"column":null}},"type":"binary-expr","locations":[{"start":{"line":148,"column":24},"end":{"line":148,"column":37}},{"start":{"line":148,"column":37},"end":{"line":148,"column":null}}],"line":148},"13":{"loc":{"start":{"line":151,"column":23},"end":{"line":151,"column":null}},"type":"cond-expr","locations":[{"start":{"line":151,"column":35},"end":{"line":151,"column":57}},{"start":{"line":151,"column":57},"end":{"line":151,"column":null}}],"line":151},"14":{"loc":{"start":{"line":159,"column":15},"end":{"line":160,"column":23}},"type":"cond-expr","locations":[{"start":{"line":159,"column":27},"end":{"line":159,"column":52}},{"start":{"line":159,"column":51},"end":{"line":160,"column":23}}],"line":159},"15":{"loc":{"start":{"line":160,"column":15},"end":{"line":160,"column":null}},"type":"cond-expr","locations":[{"start":{"line":160,"column":27},"end":{"line":160,"column":51}},{"start":{"line":160,"column":51},"end":{"line":160,"column":null}}],"line":160}},"s":{"0":0,"1":0,"2":0,"3":0,"4":0,"5":0,"6":0,"7":0,"8":0,"9":0,"10":0,"11":0,"12":0,"13":0,"14":0,"15":0,"16":0,"17":0,"18":0,"19":0,"20":0,"21":0,"22":0,"23":0,"24":0,"25":0,"26":0,"27":0,"28":0,"29":0,"30":0,"31":0,"32":0,"33":0,"34":0,"35":0,"36":0,"37":0,"38":0,"39":0,"40":0,"41":0,"42":0,"43":0,"44":0,"45":0,"46":0,"47":0,"48":0,"49":0,"50":0,"51":0,"52":0,"53":0,"54":0,"55":0,"56":0,"57":0,"58":0},"f":{"0":0,"1":0,"2":0,"3":0,"4":0,"5":0,"6":0,"7":0,"8":0,"9":0,"10":0,"11":0,"12":0,"13":0},"b":{"0":[0,0],"1":[0,0],"2":[0,0],"3":[0,0],"4":[0,0],"5":[0,0],"6":[0,0,0],"7":[0,0],"8":[0,0],"9":[0,0],"10":[0,0],"11":[0,0],"12":[0,0],"13":[0,0],"14":[0,0],"15":[0,0]},"meta":{"lastBranch":16,"lastFunction":14,"lastStatement":59,"seen":{"f:8:24:8:40":0,"s:9:8:9:32":0,"s:10:8:10:32":1,"s:11:16:11:65":2,"s:13:14:13:58":3,"s:14:18:14:47":4,"s:15:20:15:51":5,"s:16:16:16:40":6,"s:17:20:17:Infinity":7,"s:19:2:24:Infinity":8,"f:19:2:19:18":1,"b:20:4:22:Infinity:undefined:undefined:undefined:undefined":0,"s:20:4:22:Infinity":9,"s:21:6:21:Infinity":10,"s:22:6:22:Infinity":11,"s:26:2:32:Infinity":12,"f:26:2:26:18":2,"b:28:4:29:Infinity:undefined:undefined:undefined:undefined":1,"s:28:4:29:Infinity":13,"s:29:6:29:Infinity":14,"f:29:17:29:35":3,"s:29:35:29:57":15,"f:29:35:29:45":4,"s:29:51:29:57":16,"s:31:4:31:Infinity":17,"f:31:4:31:17":5,"s:31:17:31:40":18,"s:34:8:42:Infinity":19,"f:34:8:34:24":6,"b:35:4:35:Infinity:undefined:undefined:undefined:undefined":2,"s:35:4:35:Infinity":20,"s:35:30:35:Infinity":21,"s:36:19:36:27":22,"s:37:4:37:Infinity":23,"s:38:4:38:Infinity":24,"b:41:4:42:Infinity:undefined:undefined:undefined:undefined":3,"s:41:4:42:Infinity":25,"b:41:8:41:17:41:17:41:28":4,"s:42:6:42:Infinity":26,"s:46:8:48:Infinity":27,"f:46:8:46:25":7,"b:47:4:48:Infinity:undefined:undefined:undefined:undefined":5,"s:47:4:48:Infinity":28,"b:47:8:47:33:47:33:47:48:47:48:47:59":6,"s:48:6:48:Infinity":29,"s:52:23:69:Infinity":30,"f:52:23:52:30":8,"s:53:4:53:Infinity":31,"s:54:17:54:29":32,"b:55:4:57:Infinity:undefined:undefined:undefined:undefined":7,"s:55:4:57:Infinity":33,"s:56:6:56:Infinity":34,"s:57:6:57:Infinity":35,"s:60:4:60:Infinity":36,"s:61:4:69:Infinity":37,"s:62:18:62:68":38,"s:63:6:63:Infinity":39,"s:64:6:64:Infinity":40,"s:66:18:66:Infinity":41,"b:66:18:66:49:66:49:66:Infinity":8,"s:67:6:67:Infinity":42,"s:69:6:69:Infinity":43,"s:73:23:83:Infinity":44,"f:73:23:73:35":9,"b:74:4:74:Infinity:undefined:undefined:undefined:undefined":9,"s:74:4:74:Infinity":45,"s:74:19:74:Infinity":46,"s:75:4:75:Infinity":47,"s:76:4:83:Infinity":48,"s:77:6:77:Infinity":49,"s:78:6:78:Infinity":50,"s:79:6:79:Infinity":51,"s:81:6:81:Infinity":52,"b:81:18:81:49:81:49:81:73":10,"s:83:6:83:Infinity":53,"s:87:2:187:Infinity":54,"f:109:19:109:24":10,"s:110:16:133:Infinity":55,"f:116:18:116:29":11,"s:116:35:116:68":56,"f:117:18:117:30":12,"s:117:36:117:57":57,"b:138:25:138:Infinity:138:49:138:Infinity":11,"b:148:24:148:37:148:37:148:Infinity":12,"b:151:35:151:57:151:57:151:Infinity":13,"b:159:27:159:52:159:51:160:23":14,"b:160:27:160:51:160:51:160:Infinity":15,"f:165:12:165:27":13,"s:165:27:165:48":58}}}
,"C:\\Users\\ASUS\\OneDrive\\Desktop\\Sprint\\connectsphere-frontend\\src\\utils\\constants.js": {"path":"C:\\Users\\ASUS\\OneDrive\\Desktop\\Sprint\\connectsphere-frontend\\src\\utils\\constants.js","statementMap":{"0":{"start":{"line":1,"column":30},"end":{"line":1,"column":null}},"1":{"start":{"line":3,"column":30},"end":{"line":10,"column":null}},"2":{"start":{"line":12,"column":34},"end":{"line":16,"column":null}},"3":{"start":{"line":18,"column":34},"end":{"line":24,"column":null}},"4":{"start":{"line":26,"column":21},"end":{"line":29,"column":null}}},"fnMap":{},"branchMap":{},"s":{"0":1,"1":1,"2":1,"3":1,"4":1},"f":{},"b":{},"meta":{"lastBranch":0,"lastFunction":0,"lastStatement":5,"seen":{"s:1:30:1:Infinity":0,"s:3:30:10:Infinity":1,"s:12:34:16:Infinity":2,"s:18:34:24:Infinity":3,"s:26:21:29:Infinity":4}}}
,"C:\\Users\\ASUS\\OneDrive\\Desktop\\Sprint\\connectsphere-frontend\\src\\utils\\formatters.js": {"path":"C:\\Users\\ASUS\\OneDrive\\Desktop\\Sprint\\connectsphere-frontend\\src\\utils\\formatters.js","statementMap":{"0":{"start":{"line":3,"column":2},"end":{"line":3,"column":null}},"1":{"start":{"line":3,"column":21},"end":{"line":3,"column":null}},"2":{"start":{"line":4,"column":2},"end":{"line":4,"column":null}},"3":{"start":{"line":4,"column":22},"end":{"line":4,"column":null}},"4":{"start":{"line":5,"column":2},"end":{"line":5,"column":null}},"5":{"start":{"line":5,"column":22},"end":{"line":5,"column":null}},"6":{"start":{"line":6,"column":2},"end":{"line":6,"column":null}},"7":{"start":{"line":11,"column":2},"end":{"line":15,"column":null}},"8":{"start":{"line":14,"column":16},"end":{"line":14,"column":42}},"9":{"start":{"line":20,"column":18},"end":{"line":20,"column":47}},"10":{"start":{"line":21,"column":2},"end":{"line":21,"column":null}},"11":{"start":{"line":21,"column":38},"end":{"line":21,"column":48}},"12":{"start":{"line":26,"column":18},"end":{"line":26,"column":47}},"13":{"start":{"line":27,"column":2},"end":{"line":27,"column":null}},"14":{"start":{"line":27,"column":38},"end":{"line":27,"column":48}},"15":{"start":{"line":32,"column":2},"end":{"line":34,"column":null}}},"fnMap":{"0":{"name":"formatCount","decl":{"start":{"line":2,"column":16},"end":{"line":2,"column":28}},"loc":{"start":{"line":2,"column":31},"end":{"line":6,"column":null}},"line":2},"1":{"name":"getInitials","decl":{"start":{"line":10,"column":16},"end":{"line":10,"column":28}},"loc":{"start":{"line":10,"column":39},"end":{"line":15,"column":null}},"line":10},"2":{"name":"(anonymous_2)","decl":{"start":{"line":14,"column":5},"end":{"line":14,"column":10}},"loc":{"start":{"line":14,"column":16},"end":{"line":14,"column":42}},"line":14},"3":{"name":"extractHashtags","decl":{"start":{"line":19,"column":16},"end":{"line":19,"column":32}},"loc":{"start":{"line":19,"column":43},"end":{"line":21,"column":null}},"line":19},"4":{"name":"(anonymous_4)","decl":{"start":{"line":21,"column":27},"end":{"line":21,"column":32}},"loc":{"start":{"line":21,"column":38},"end":{"line":21,"column":48}},"line":21},"5":{"name":"extractMentions","decl":{"start":{"line":25,"column":16},"end":{"line":25,"column":32}},"loc":{"start":{"line":25,"column":43},"end":{"line":27,"column":null}},"line":25},"6":{"name":"(anonymous_6)","decl":{"start":{"line":27,"column":27},"end":{"line":27,"column":32}},"loc":{"start":{"line":27,"column":38},"end":{"line":27,"column":48}},"line":27},"7":{"name":"linkifyText","decl":{"start":{"line":31,"column":16},"end":{"line":31,"column":28}},"loc":{"start":{"line":31,"column":39},"end":{"line":34,"column":null}},"line":31}},"branchMap":{"0":{"loc":{"start":{"line":3,"column":2},"end":{"line":3,"column":null}},"type":"if","locations":[{"start":{"line":3,"column":2},"end":{"line":3,"column":null}},{"start":{},"end":{}}],"line":3},"1":{"loc":{"start":{"line":3,"column":6},"end":{"line":3,"column":21}},"type":"binary-expr","locations":[{"start":{"line":3,"column":6},"end":{"line":3,"column":12}},{"start":{"line":3,"column":12},"end":{"line":3,"column":21}}],"line":3},"2":{"loc":{"start":{"line":4,"column":2},"end":{"line":4,"column":null}},"type":"if","locations":[{"start":{"line":4,"column":2},"end":{"line":4,"column":null}},{"start":{},"end":{}}],"line":4},"3":{"loc":{"start":{"line":5,"column":2},"end":{"line":5,"column":null}},"type":"if","locations":[{"start":{"line":5,"column":2},"end":{"line":5,"column":null}},{"start":{},"end":{}}],"line":5},"4":{"loc":{"start":{"line":10,"column":28},"end":{"line":10,"column":39}},"type":"default-arg","locations":[{"start":{"line":10,"column":35},"end":{"line":10,"column":39}}],"line":10},"5":{"loc":{"start":{"line":14,"column":16},"end":{"line":14,"column":42}},"type":"binary-expr","locations":[{"start":{"line":14,"column":16},"end":{"line":14,"column":35}},{"start":{"line":14,"column":39},"end":{"line":14,"column":42}}],"line":14},"6":{"loc":{"start":{"line":19,"column":32},"end":{"line":19,"column":43}},"type":"default-arg","locations":[{"start":{"line":19,"column":39},"end":{"line":19,"column":43}}],"line":19},"7":{"loc":{"start":{"line":21,"column":9},"end":{"line":21,"column":54}},"type":"cond-expr","locations":[{"start":{"line":21,"column":19},"end":{"line":21,"column":49}},{"start":{"line":21,"column":52},"end":{"line":21,"column":54}}],"line":21},"8":{"loc":{"start":{"line":25,"column":32},"end":{"line":25,"column":43}},"type":"default-arg","locations":[{"start":{"line":25,"column":39},"end":{"line":25,"column":43}}],"line":25},"9":{"loc":{"start":{"line":27,"column":9},"end":{"line":27,"column":54}},"type":"cond-expr","locations":[{"start":{"line":27,"column":19},"end":{"line":27,"column":49}},{"start":{"line":27,"column":52},"end":{"line":27,"column":54}}],"line":27},"10":{"loc":{"start":{"line":31,"column":28},"end":{"line":31,"column":39}},"type":"default-arg","locations":[{"start":{"line":31,"column":35},"end":{"line":31,"column":39}}],"line":31}},"s":{"0":0,"1":0,"2":0,"3":0,"4":0,"5":0,"6":0,"7":0,"8":0,"9":0,"10":0,"11":0,"12":0,"13":0,"14":0,"15":0},"f":{"0":0,"1":0,"2":0,"3":0,"4":0,"5":0,"6":0,"7":0},"b":{"0":[0,0],"1":[0,0],"2":[0,0],"3":[0,0],"4":[0],"5":[0,0],"6":[0],"7":[0,0],"8":[0],"9":[0,0],"10":[0]},"meta":{"lastBranch":11,"lastFunction":8,"lastStatement":16,"seen":{"f:2:16:2:28":0,"b:3:2:3:Infinity:undefined:undefined:undefined:undefined":0,"s:3:2:3:Infinity":0,"b:3:6:3:12:3:12:3:21":1,"s:3:21:3:Infinity":1,"b:4:2:4:Infinity:undefined:undefined:undefined:undefined":2,"s:4:2:4:Infinity":2,"s:4:22:4:Infinity":3,"b:5:2:5:Infinity:undefined:undefined:undefined:undefined":3,"s:5:2:5:Infinity":4,"s:5:22:5:Infinity":5,"s:6:2:6:Infinity":6,"f:10:16:10:28":1,"b:10:35:10:39":4,"s:11:2:15:Infinity":7,"f:14:5:14:10":2,"s:14:16:14:42":8,"b:14:16:14:35:14:39:14:42":5,"f:19:16:19:32":3,"b:19:39:19:43":6,"s:20:18:20:47":9,"s:21:2:21:Infinity":10,"b:21:19:21:49:21:52:21:54":7,"f:21:27:21:32":4,"s:21:38:21:48":11,"f:25:16:25:32":5,"b:25:39:25:43":8,"s:26:18:26:47":12,"s:27:2:27:Infinity":13,"b:27:19:27:49:27:52:27:54":9,"f:27:27:27:32":6,"s:27:38:27:48":14,"f:31:16:31:28":7,"b:31:35:31:39":10,"s:32:2:34:Infinity":15}}}
,"C:\\Users\\ASUS\\OneDrive\\Desktop\\Sprint\\connectsphere-frontend\\src\\utils\\timeAgo.js": {"path":"C:\\Users\\ASUS\\OneDrive\\Desktop\\Sprint\\connectsphere-frontend\\src\\utils\\timeAgo.js","statementMap":{"0":{"start":{"line":3,"column":2},"end":{"line":3,"column":null}},"1":{"start":{"line":3,"column":16},"end":{"line":3,"column":null}},"2":{"start":{"line":4,"column":15},"end":{"line":4,"column":32}},"3":{"start":{"line":5,"column":15},"end":{"line":5,"column":25}},"4":{"start":{"line":6,"column":15},"end":{"line":6,"column":46}},"5":{"start":{"line":8,"column":2},"end":{"line":8,"column":null}},"6":{"start":{"line":8,"column":19},"end":{"line":8,"column":null}},"7":{"start":{"line":9,"column":2},"end":{"line":9,"column":null}},"8":{"start":{"line":9,"column":19},"end":{"line":9,"column":null}},"9":{"start":{"line":10,"column":2},"end":{"line":10,"column":null}},"10":{"start":{"line":10,"column":20},"end":{"line":10,"column":null}},"11":{"start":{"line":11,"column":2},"end":{"line":11,"column":null}},"12":{"start":{"line":11,"column":21},"end":{"line":11,"column":null}},"13":{"start":{"line":13,"column":2},"end":{"line":13,"column":null}},"14":{"start":{"line":17,"column":2},"end":{"line":17,"column":null}},"15":{"start":{"line":17,"column":16},"end":{"line":17,"column":null}},"16":{"start":{"line":18,"column":2},"end":{"line":20,"column":null}}},"fnMap":{"0":{"name":"timeAgo","decl":{"start":{"line":2,"column":16},"end":{"line":2,"column":24}},"loc":{"start":{"line":2,"column":33},"end":{"line":13,"column":null}},"line":2},"1":{"name":"fullDate","decl":{"start":{"line":16,"column":16},"end":{"line":16,"column":25}},"loc":{"start":{"line":16,"column":34},"end":{"line":20,"column":null}},"line":16}},"branchMap":{"0":{"loc":{"start":{"line":3,"column":2},"end":{"line":3,"column":null}},"type":"if","locations":[{"start":{"line":3,"column":2},"end":{"line":3,"column":null}},{"start":{},"end":{}}],"line":3},"1":{"loc":{"start":{"line":8,"column":2},"end":{"line":8,"column":null}},"type":"if","locations":[{"start":{"line":8,"column":2},"end":{"line":8,"column":null}},{"start":{},"end":{}}],"line":8},"2":{"loc":{"start":{"line":9,"column":2},"end":{"line":9,"column":null}},"type":"if","locations":[{"start":{"line":9,"column":2},"end":{"line":9,"column":null}},{"start":{},"end":{}}],"line":9},"3":{"loc":{"start":{"line":10,"column":2},"end":{"line":10,"column":null}},"type":"if","locations":[{"start":{"line":10,"column":2},"end":{"line":10,"column":null}},{"start":{},"end":{}}],"line":10},"4":{"loc":{"start":{"line":11,"column":2},"end":{"line":11,"column":null}},"type":"if","locations":[{"start":{"line":11,"column":2},"end":{"line":11,"column":null}},{"start":{},"end":{}}],"line":11},"5":{"loc":{"start":{"line":17,"column":2},"end":{"line":17,"column":null}},"type":"if","locations":[{"start":{"line":17,"column":2},"end":{"line":17,"column":null}},{"start":{},"end":{}}],"line":17}},"s":{"0":0,"1":0,"2":0,"3":0,"4":0,"5":0,"6":0,"7":0,"8":0,"9":0,"10":0,"11":0,"12":0,"13":0,"14":0,"15":0,"16":0},"f":{"0":0,"1":0},"b":{"0":[0,0],"1":[0,0],"2":[0,0],"3":[0,0],"4":[0,0],"5":[0,0]},"meta":{"lastBranch":6,"lastFunction":2,"lastStatement":17,"seen":{"f:2:16:2:24":0,"b:3:2:3:Infinity:undefined:undefined:undefined:undefined":0,"s:3:2:3:Infinity":0,"s:3:16:3:Infinity":1,"s:4:15:4:32":2,"s:5:15:5:25":3,"s:6:15:6:46":4,"b:8:2:8:Infinity:undefined:undefined:undefined:undefined":1,"s:8:2:8:Infinity":5,"s:8:19:8:Infinity":6,"b:9:2:9:Infinity:undefined:undefined:undefined:undefined":2,"s:9:2:9:Infinity":7,"s:9:19:9:Infinity":8,"b:10:2:10:Infinity:undefined:undefined:undefined:undefined":3,"s:10:2:10:Infinity":9,"s:10:20:10:Infinity":10,"b:11:2:11:Infinity:undefined:undefined:undefined:undefined":4,"s:11:2:11:Infinity":11,"s:11:21:11:Infinity":12,"s:13:2:13:Infinity":13,"f:16:16:16:25":1,"b:17:2:17:Infinity:undefined:undefined:undefined:undefined":5,"s:17:2:17:Infinity":14,"s:17:16:17:Infinity":15,"s:18:2:20:Infinity":16}}}
,"C:\\Users\\ASUS\\OneDrive\\Desktop\\Sprint\\connectsphere-frontend\\src\\utils\\urlFixer.js": {"path":"C:\\Users\\ASUS\\OneDrive\\Desktop\\Sprint\\connectsphere-frontend\\src\\utils\\urlFixer.js","statementMap":{"0":{"start":{"line":5,"column":13},"end":{"line":15,"column":null}},"1":{"start":{"line":6,"column":2},"end":{"line":6,"column":null}},"2":{"start":{"line":6,"column":12},"end":{"line":6,"column":null}},"3":{"start":{"line":9,"column":2},"end":{"line":12,"column":null}},"4":{"start":{"line":10,"column":21},"end":{"line":10,"column":41}},"5":{"start":{"line":12,"column":4},"end":{"line":12,"column":null}},"6":{"start":{"line":15,"column":2},"end":{"line":15,"column":null}},"7":{"start":{"line":19,"column":27},"end":{"line":19,"column":null}}},"fnMap":{"0":{"name":"(anonymous_0)","decl":{"start":{"line":5,"column":13},"end":{"line":5,"column":26}},"loc":{"start":{"line":5,"column":34},"end":{"line":15,"column":null}},"line":5}},"branchMap":{"0":{"loc":{"start":{"line":6,"column":2},"end":{"line":6,"column":null}},"type":"if","locations":[{"start":{"line":6,"column":2},"end":{"line":6,"column":null}},{"start":{},"end":{}}],"line":6},"1":{"loc":{"start":{"line":9,"column":2},"end":{"line":12,"column":null}},"type":"if","locations":[{"start":{"line":9,"column":2},"end":{"line":12,"column":null}},{"start":{},"end":{}}],"line":9}},"s":{"0":1,"1":0,"2":0,"3":0,"4":0,"5":0,"6":0,"7":1},"f":{"0":0},"b":{"0":[0,0],"1":[0,0]},"meta":{"lastBranch":2,"lastFunction":1,"lastStatement":8,"seen":{"s:5:13:15:Infinity":0,"f:5:13:5:26":0,"b:6:2:6:Infinity:undefined:undefined:undefined:undefined":0,"s:6:2:6:Infinity":1,"s:6:12:6:Infinity":2,"b:9:2:12:Infinity:undefined:undefined:undefined:undefined":1,"s:9:2:12:Infinity":3,"s:10:21:10:41":4,"s:12:4:12:Infinity":5,"s:15:2:15:Infinity":6,"s:19:27:19:Infinity":7}}}
}
